CRITICAL - 2024-05-06 06:23:42 --> ErrorException: Undefined array key "first_name"
in APPPATH\Views\content\profile_content.php on line 2.
 1 APPPATH\Views\content\profile_content.php(2): CodeIgniter\Debug\Exceptions->errorHandler(2, 'Undefined array key "first_name"', 'C:\\myproject\\app\\Views\\content\\profile_content.php', 2)
 2 APPPATH\Views\base.php(27): include('C:\\myproject\\app\\Views\\content\\profile_content.php')
 3 APPPATH\Views\profile.php(3): include('C:\\myproject\\app\\Views\\base.php')
 4 SYSTEMPATH\View\View.php(228): include('C:\\myproject\\app\\Views\\profile.php')
 5 SYSTEMPATH\View\View.php(231): CodeIgniter\View\View->CodeIgniter\View\{closure}()
 6 SYSTEMPATH\Common.php(1178): CodeIgniter\View\View->render('profile', [], true)
 7 APPPATH\Controllers\Profile.php(26): view('profile', [...])
 8 SYSTEMPATH\CodeIgniter.php(943): App\Controllers\Profile->index()
 9 SYSTEMPATH\CodeIgniter.php(503): CodeIgniter\CodeIgniter->runController(Object(App\Controllers\Profile))
10 SYSTEMPATH\CodeIgniter.php(361): CodeIgniter\CodeIgniter->handleRequest(null, Object(Config\Cache), false)
11 FCPATH\index.php(79): CodeIgniter\CodeIgniter->run()
12 SYSTEMPATH\Commands\Server\rewrite.php(47): require_once('C:\\myproject\\public\\index.php')
CRITICAL - 2024-05-06 06:26:01 --> ErrorException: Undefined array key "first_name"
in APPPATH\Views\content\profile_content.php on line 2.
 1 APPPATH\Views\content\profile_content.php(2): CodeIgniter\Debug\Exceptions->errorHandler(2, 'Undefined array key "first_name"', 'C:\\myproject\\app\\Views\\content\\profile_content.php', 2)
 2 APPPATH\Views\base.php(27): include('C:\\myproject\\app\\Views\\content\\profile_content.php')
 3 APPPATH\Views\profile.php(3): include('C:\\myproject\\app\\Views\\base.php')
 4 SYSTEMPATH\View\View.php(228): include('C:\\myproject\\app\\Views\\profile.php')
 5 SYSTEMPATH\View\View.php(231): CodeIgniter\View\View->CodeIgniter\View\{closure}()
 6 SYSTEMPATH\Common.php(1178): CodeIgniter\View\View->render('profile', [], true)
 7 APPPATH\Controllers\Profile.php(26): view('profile', [...])
 8 SYSTEMPATH\CodeIgniter.php(943): App\Controllers\Profile->index()
 9 SYSTEMPATH\CodeIgniter.php(503): CodeIgniter\CodeIgniter->runController(Object(App\Controllers\Profile))
10 SYSTEMPATH\CodeIgniter.php(361): CodeIgniter\CodeIgniter->handleRequest(null, Object(Config\Cache), false)
11 FCPATH\index.php(79): CodeIgniter\CodeIgniter->run()
12 SYSTEMPATH\Commands\Server\rewrite.php(47): require_once('C:\\myproject\\public\\index.php')
CRITICAL - 2024-05-06 06:26:23 --> ErrorException: Undefined array key "location"
in APPPATH\Views\content\profile_content.php on line 2.
 1 APPPATH\Views\content\profile_content.php(2): CodeIgniter\Debug\Exceptions->errorHandler(2, 'Undefined array key "location"', 'C:\\myproject\\app\\Views\\content\\profile_content.php', 2)
 2 APPPATH\Views\base.php(27): include('C:\\myproject\\app\\Views\\content\\profile_content.php')
 3 APPPATH\Views\profile.php(3): include('C:\\myproject\\app\\Views\\base.php')
 4 SYSTEMPATH\View\View.php(228): include('C:\\myproject\\app\\Views\\profile.php')
 5 SYSTEMPATH\View\View.php(231): CodeIgniter\View\View->CodeIgniter\View\{closure}()
 6 SYSTEMPATH\Common.php(1178): CodeIgniter\View\View->render('profile', [], true)
 7 APPPATH\Controllers\Profile.php(26): view('profile', [...])
 8 SYSTEMPATH\CodeIgniter.php(943): App\Controllers\Profile->index()
 9 SYSTEMPATH\CodeIgniter.php(503): CodeIgniter\CodeIgniter->runController(Object(App\Controllers\Profile))
10 SYSTEMPATH\CodeIgniter.php(361): CodeIgniter\CodeIgniter->handleRequest(null, Object(Config\Cache), false)
11 FCPATH\index.php(79): CodeIgniter\CodeIgniter->run()
12 SYSTEMPATH\Commands\Server\rewrite.php(47): require_once('C:\\myproject\\public\\index.php')
CRITICAL - 2024-05-06 06:29:11 --> ErrorException: Undefined variable $developer_id
in APPPATH\Views\content\profile_content.php on line 2.
 1 APPPATH\Views\content\profile_content.php(2): CodeIgniter\Debug\Exceptions->errorHandler(2, 'Undefined variable $developer_id', 'C:\\myproject\\app\\Views\\content\\profile_content.php', 2)
 2 APPPATH\Views\base.php(27): include('C:\\myproject\\app\\Views\\content\\profile_content.php')
 3 APPPATH\Views\profile.php(3): include('C:\\myproject\\app\\Views\\base.php')
 4 SYSTEMPATH\View\View.php(228): include('C:\\myproject\\app\\Views\\profile.php')
 5 SYSTEMPATH\View\View.php(231): CodeIgniter\View\View->CodeIgniter\View\{closure}()
 6 SYSTEMPATH\Common.php(1178): CodeIgniter\View\View->render('profile', [], true)
 7 APPPATH\Controllers\Profile.php(26): view('profile', [...])
 8 SYSTEMPATH\CodeIgniter.php(943): App\Controllers\Profile->index()
 9 SYSTEMPATH\CodeIgniter.php(503): CodeIgniter\CodeIgniter->runController(Object(App\Controllers\Profile))
10 SYSTEMPATH\CodeIgniter.php(361): CodeIgniter\CodeIgniter->handleRequest(null, Object(Config\Cache), false)
11 FCPATH\index.php(79): CodeIgniter\CodeIgniter->run()
12 SYSTEMPATH\Commands\Server\rewrite.php(47): require_once('C:\\myproject\\public\\index.php')
CRITICAL - 2024-05-06 06:34:07 --> ErrorException: Undefined property: App\Controllers\Profile::$input
in APPPATH\Controllers\Profile.php on line 22.
 1 APPPATH\Controllers\Profile.php(22): CodeIgniter\Debug\Exceptions->errorHandler(2, 'Undefined property: App\\Controllers\\Profile::$input', 'C:\\myproject\\app\\Controllers\\Profile.php', 22)
 2 SYSTEMPATH\CodeIgniter.php(943): App\Controllers\Profile->index()
 3 SYSTEMPATH\CodeIgniter.php(503): CodeIgniter\CodeIgniter->runController(Object(App\Controllers\Profile))
 4 SYSTEMPATH\CodeIgniter.php(361): CodeIgniter\CodeIgniter->handleRequest(null, Object(Config\Cache), false)
 5 FCPATH\index.php(79): CodeIgniter\CodeIgniter->run()
 6 SYSTEMPATH\Commands\Server\rewrite.php(47): require_once('C:\\myproject\\public\\index.php')
CRITICAL - 2024-05-06 06:36:04 --> ErrorException: Undefined variable $developer
in APPPATH\Views\content\profile_content.php on line 2.
 1 APPPATH\Views\content\profile_content.php(2): CodeIgniter\Debug\Exceptions->errorHandler(2, 'Undefined variable $developer', 'C:\\myproject\\app\\Views\\content\\profile_content.php', 2)
 2 APPPATH\Views\base.php(27): include('C:\\myproject\\app\\Views\\content\\profile_content.php')
 3 APPPATH\Views\profile.php(3): include('C:\\myproject\\app\\Views\\base.php')
 4 SYSTEMPATH\View\View.php(228): include('C:\\myproject\\app\\Views\\profile.php')
 5 SYSTEMPATH\View\View.php(231): CodeIgniter\View\View->CodeIgniter\View\{closure}()
 6 SYSTEMPATH\Common.php(1178): CodeIgniter\View\View->render('profile', [], true)
 7 APPPATH\Controllers\Profile.php(26): view('profile', [...])
 8 SYSTEMPATH\CodeIgniter.php(943): App\Controllers\Profile->index()
 9 SYSTEMPATH\CodeIgniter.php(503): CodeIgniter\CodeIgniter->runController(Object(App\Controllers\Profile))
10 SYSTEMPATH\CodeIgniter.php(361): CodeIgniter\CodeIgniter->handleRequest(null, Object(Config\Cache), false)
11 FCPATH\index.php(79): CodeIgniter\CodeIgniter->run()
12 SYSTEMPATH\Commands\Server\rewrite.php(47): require_once('C:\\myproject\\public\\index.php')
CRITICAL - 2024-05-06 06:36:52 --> ErrorException: Undefined variable $developer
in APPPATH\Views\content\profile_content.php on line 2.
 1 APPPATH\Views\content\profile_content.php(2): CodeIgniter\Debug\Exceptions->errorHandler(2, 'Undefined variable $developer', 'C:\\myproject\\app\\Views\\content\\profile_content.php', 2)
 2 APPPATH\Views\base.php(27): include('C:\\myproject\\app\\Views\\content\\profile_content.php')
 3 APPPATH\Views\profile.php(3): include('C:\\myproject\\app\\Views\\base.php')
 4 SYSTEMPATH\View\View.php(228): include('C:\\myproject\\app\\Views\\profile.php')
 5 SYSTEMPATH\View\View.php(231): CodeIgniter\View\View->CodeIgniter\View\{closure}()
 6 SYSTEMPATH\Common.php(1178): CodeIgniter\View\View->render('profile', [], true)
 7 APPPATH\Controllers\Profile.php(26): view('profile', [...])
 8 SYSTEMPATH\CodeIgniter.php(943): App\Controllers\Profile->index()
 9 SYSTEMPATH\CodeIgniter.php(503): CodeIgniter\CodeIgniter->runController(Object(App\Controllers\Profile))
10 SYSTEMPATH\CodeIgniter.php(361): CodeIgniter\CodeIgniter->handleRequest(null, Object(Config\Cache), false)
11 FCPATH\index.php(79): CodeIgniter\CodeIgniter->run()
12 SYSTEMPATH\Commands\Server\rewrite.php(47): require_once('C:\\myproject\\public\\index.php')
CRITICAL - 2024-05-06 06:37:02 --> ErrorException: Undefined variable $developer
in APPPATH\Views\content\profile_content.php on line 2.
 1 APPPATH\Views\content\profile_content.php(2): CodeIgniter\Debug\Exceptions->errorHandler(2, 'Undefined variable $developer', 'C:\\myproject\\app\\Views\\content\\profile_content.php', 2)
 2 APPPATH\Views\base.php(27): include('C:\\myproject\\app\\Views\\content\\profile_content.php')
 3 APPPATH\Views\profile.php(3): include('C:\\myproject\\app\\Views\\base.php')
 4 SYSTEMPATH\View\View.php(228): include('C:\\myproject\\app\\Views\\profile.php')
 5 SYSTEMPATH\View\View.php(231): CodeIgniter\View\View->CodeIgniter\View\{closure}()
 6 SYSTEMPATH\Common.php(1178): CodeIgniter\View\View->render('profile', [], true)
 7 APPPATH\Controllers\Profile.php(26): view('profile', [...])
 8 SYSTEMPATH\CodeIgniter.php(943): App\Controllers\Profile->index()
 9 SYSTEMPATH\CodeIgniter.php(503): CodeIgniter\CodeIgniter->runController(Object(App\Controllers\Profile))
10 SYSTEMPATH\CodeIgniter.php(361): CodeIgniter\CodeIgniter->handleRequest(null, Object(Config\Cache), false)
11 FCPATH\index.php(79): CodeIgniter\CodeIgniter->run()
12 SYSTEMPATH\Commands\Server\rewrite.php(47): require_once('C:\\myproject\\public\\index.php')
CRITICAL - 2024-05-06 06:38:06 --> ErrorException: Undefined variable $developer
in APPPATH\Views\content\profile_content.php on line 2.
 1 APPPATH\Views\content\profile_content.php(2): CodeIgniter\Debug\Exceptions->errorHandler(2, 'Undefined variable $developer', 'C:\\myproject\\app\\Views\\content\\profile_content.php', 2)
 2 APPPATH\Views\base.php(27): include('C:\\myproject\\app\\Views\\content\\profile_content.php')
 3 APPPATH\Views\profile.php(3): include('C:\\myproject\\app\\Views\\base.php')
 4 SYSTEMPATH\View\View.php(228): include('C:\\myproject\\app\\Views\\profile.php')
 5 SYSTEMPATH\View\View.php(231): CodeIgniter\View\View->CodeIgniter\View\{closure}()
 6 SYSTEMPATH\Common.php(1178): CodeIgniter\View\View->render('profile', [], true)
 7 APPPATH\Controllers\Profile.php(26): view('profile', [...])
 8 SYSTEMPATH\CodeIgniter.php(943): App\Controllers\Profile->index()
 9 SYSTEMPATH\CodeIgniter.php(503): CodeIgniter\CodeIgniter->runController(Object(App\Controllers\Profile))
10 SYSTEMPATH\CodeIgniter.php(361): CodeIgniter\CodeIgniter->handleRequest(null, Object(Config\Cache), false)
11 FCPATH\index.php(79): CodeIgniter\CodeIgniter->run()
12 SYSTEMPATH\Commands\Server\rewrite.php(47): require_once('C:\\myproject\\public\\index.php')
CRITICAL - 2024-05-06 07:41:02 --> ErrorException: Undefined array key "preferred_hours"
in APPPATH\Views\content\profile_content.php on line 31.
 1 APPPATH\Views\content\profile_content.php(31): CodeIgniter\Debug\Exceptions->errorHandler(2, 'Undefined array key "preferred_hours"', 'C:\\myproject\\app\\Views\\content\\profile_content.php', 31)
 2 APPPATH\Views\base.php(27): include('C:\\myproject\\app\\Views\\content\\profile_content.php')
 3 APPPATH\Views\profile.php(3): include('C:\\myproject\\app\\Views\\base.php')
 4 SYSTEMPATH\View\View.php(228): include('C:\\myproject\\app\\Views\\profile.php')
 5 SYSTEMPATH\View\View.php(231): CodeIgniter\View\View->CodeIgniter\View\{closure}()
 6 SYSTEMPATH\Common.php(1178): CodeIgniter\View\View->render('profile', [], true)
 7 APPPATH\Controllers\Profile.php(29): view('profile', [...])
 8 SYSTEMPATH\CodeIgniter.php(943): App\Controllers\Profile->index()
 9 SYSTEMPATH\CodeIgniter.php(503): CodeIgniter\CodeIgniter->runController(Object(App\Controllers\Profile))
10 SYSTEMPATH\CodeIgniter.php(361): CodeIgniter\CodeIgniter->handleRequest(null, Object(Config\Cache), false)
11 FCPATH\index.php(79): CodeIgniter\CodeIgniter->run()
12 SYSTEMPATH\Commands\Server\rewrite.php(47): require_once('C:\\myproject\\public\\index.php')
CRITICAL - 2024-05-06 08:06:30 --> ErrorException: Undefined array key "preffered_hours"
in APPPATH\Views\content\developer_dashboard_content.php on line 71.
 1 APPPATH\Views\content\developer_dashboard_content.php(71): CodeIgniter\Debug\Exceptions->errorHandler(2, 'Undefined array key "preffered_hours"', 'C:\\myproject\\app\\Views\\content\\developer_dashboard_content.php', 71)
 2 APPPATH\Views\base.php(27): include('C:\\myproject\\app\\Views\\content\\developer_dashboard_content.php')
 3 APPPATH\Views\developer_dashboard.php(3): include('C:\\myproject\\app\\Views\\base.php')
 4 SYSTEMPATH\View\View.php(228): include('C:\\myproject\\app\\Views\\developer_dashboard.php')
 5 SYSTEMPATH\View\View.php(231): CodeIgniter\View\View->CodeIgniter\View\{closure}()
 6 SYSTEMPATH\Common.php(1178): CodeIgniter\View\View->render('developer_dashboard', [], true)
 7 APPPATH\Controllers\DeveloperDashboard.php(46): view('developer_dashboard', [...])
 8 SYSTEMPATH\CodeIgniter.php(943): App\Controllers\DeveloperDashboard->index()
 9 SYSTEMPATH\CodeIgniter.php(503): CodeIgniter\CodeIgniter->runController(Object(App\Controllers\DeveloperDashboard))
10 SYSTEMPATH\CodeIgniter.php(361): CodeIgniter\CodeIgniter->handleRequest(null, Object(Config\Cache), false)
11 FCPATH\index.php(79): CodeIgniter\CodeIgniter->run()
12 SYSTEMPATH\Commands\Server\rewrite.php(47): require_once('C:\\myproject\\public\\index.php')
CRITICAL - 2024-05-06 08:12:01 --> Error: Call to undefined function nl2b()
in APPPATH\Views\content\profile_content.php on line 46.
 1 APPPATH\Views\base.php(27): include()
 2 APPPATH\Views\profile.php(3): include('C:\\myproject\\app\\Views\\base.php')
 3 SYSTEMPATH\View\View.php(228): include('C:\\myproject\\app\\Views\\profile.php')
 4 SYSTEMPATH\View\View.php(231): CodeIgniter\View\View->CodeIgniter\View\{closure}()
 5 SYSTEMPATH\Common.php(1178): CodeIgniter\View\View->render('profile', [], true)
 6 APPPATH\Controllers\Profile.php(29): view('profile', [...])
 7 SYSTEMPATH\CodeIgniter.php(943): App\Controllers\Profile->index()
 8 SYSTEMPATH\CodeIgniter.php(503): CodeIgniter\CodeIgniter->runController(Object(App\Controllers\Profile))
 9 SYSTEMPATH\CodeIgniter.php(361): CodeIgniter\CodeIgniter->handleRequest(null, Object(Config\Cache), false)
10 FCPATH\index.php(79): CodeIgniter\CodeIgniter->run()
11 SYSTEMPATH\Commands\Server\rewrite.php(47): require_once('C:\\myproject\\public\\index.php')
