CRITICAL - 2024-05-02 06:02:08 --> Error: Class "App\Controllers\DevelopersModel" not found
in APPPATH\Controllers\Login.php on line 17.
 1 SYSTEMPATH\CodeIgniter.php(943): App\Controllers\Login->login()
 2 SYSTEMPATH\CodeIgniter.php(503): CodeIgniter\CodeIgniter->runController(Object(App\Controllers\Login))
 3 SYSTEMPATH\CodeIgniter.php(361): CodeIgniter\CodeIgniter->handleRequest(null, Object(Config\Cache), false)
 4 FCPATH\index.php(79): CodeIgniter\CodeIgniter->run()
 5 SYSTEMPATH\Commands\Server\rewrite.php(47): require_once('C:\\myproject\\public\\index.php')
CRITICAL - 2024-05-02 06:02:57 --> Error: Class "App\Controllers\BusinessesModel" not found
in APPPATH\Controllers\Login.php on line 20.
 1 SYSTEMPATH\CodeIgniter.php(943): App\Controllers\Login->login()
 2 SYSTEMPATH\CodeIgniter.php(503): CodeIgniter\CodeIgniter->runController(Object(App\Controllers\Login))
 3 SYSTEMPATH\CodeIgniter.php(361): CodeIgniter\CodeIgniter->handleRequest(null, Object(Config\Cache), false)
 4 FCPATH\index.php(79): CodeIgniter\CodeIgniter->run()
 5 SYSTEMPATH\Commands\Server\rewrite.php(47): require_once('C:\\myproject\\public\\index.php')
CRITICAL - 2024-05-02 06:39:13 --> ErrorException: Trying to access array offset on value of type null
in APPPATH\Controllers\Validate.php on line 21.
 1 APPPATH\Controllers\Validate.php(21): CodeIgniter\Debug\Exceptions->errorHandler(2, 'Trying to access array offset on value of type null', 'C:\\myproject\\app\\Controllers\\Validate.php', 21)
 2 SYSTEMPATH\CodeIgniter.php(943): App\Controllers\Validate->login()
 3 SYSTEMPATH\CodeIgniter.php(503): CodeIgniter\CodeIgniter->runController(Object(App\Controllers\Validate))
 4 SYSTEMPATH\CodeIgniter.php(361): CodeIgniter\CodeIgniter->handleRequest(null, Object(Config\Cache), false)
 5 FCPATH\index.php(79): CodeIgniter\CodeIgniter->run()
 6 SYSTEMPATH\Commands\Server\rewrite.php(47): require_once('C:\\myproject\\public\\index.php')
CRITICAL - 2024-05-02 10:22:24 --> ErrorException: Undefined variable $developer
in APPPATH\Views\content\developer_dashboard_content.php on line 2.
 1 APPPATH\Views\content\developer_dashboard_content.php(2): CodeIgniter\Debug\Exceptions->errorHandler(2, 'Undefined variable $developer', 'C:\\myproject\\app\\Views\\content\\developer_dashboard_content.php', 2)
 2 APPPATH\Views\base.php(14): include('C:\\myproject\\app\\Views\\content\\developer_dashboard_content.php')
 3 APPPATH\Views\developer_dashboard.php(3): include('C:\\myproject\\app\\Views\\base.php')
 4 SYSTEMPATH\View\View.php(228): include('C:\\myproject\\app\\Views\\developer_dashboard.php')
 5 SYSTEMPATH\View\View.php(231): CodeIgniter\View\View->CodeIgniter\View\{closure}()
 6 SYSTEMPATH\Common.php(1178): CodeIgniter\View\View->render('developer_dashboard', [], true)
 7 APPPATH\Controllers\DeveloperDashboard.php(9): view('developer_dashboard')
 8 SYSTEMPATH\CodeIgniter.php(943): App\Controllers\DeveloperDashboard->index()
 9 SYSTEMPATH\CodeIgniter.php(503): CodeIgniter\CodeIgniter->runController(Object(App\Controllers\DeveloperDashboard))
10 SYSTEMPATH\CodeIgniter.php(361): CodeIgniter\CodeIgniter->handleRequest(null, Object(Config\Cache), false)
11 FCPATH\index.php(79): CodeIgniter\CodeIgniter->run()
12 SYSTEMPATH\Commands\Server\rewrite.php(47): require_once('C:\\myproject\\public\\index.php')
CRITICAL - 2024-05-02 10:23:48 --> ErrorException: Undefined variable $developer
in APPPATH\Views\content\developer_dashboard_content.php on line 2.
 1 APPPATH\Views\content\developer_dashboard_content.php(2): CodeIgniter\Debug\Exceptions->errorHandler(2, 'Undefined variable $developer', 'C:\\myproject\\app\\Views\\content\\developer_dashboard_content.php', 2)
 2 APPPATH\Views\base.php(14): include('C:\\myproject\\app\\Views\\content\\developer_dashboard_content.php')
 3 APPPATH\Views\developer_dashboard.php(3): include('C:\\myproject\\app\\Views\\base.php')
 4 SYSTEMPATH\View\View.php(228): include('C:\\myproject\\app\\Views\\developer_dashboard.php')
 5 SYSTEMPATH\View\View.php(231): CodeIgniter\View\View->CodeIgniter\View\{closure}()
 6 SYSTEMPATH\Common.php(1178): CodeIgniter\View\View->render('developer_dashboard', [], true)
 7 APPPATH\Controllers\DeveloperDashboard.php(9): view('developer_dashboard')
 8 SYSTEMPATH\CodeIgniter.php(943): App\Controllers\DeveloperDashboard->index()
 9 SYSTEMPATH\CodeIgniter.php(503): CodeIgniter\CodeIgniter->runController(Object(App\Controllers\DeveloperDashboard))
10 SYSTEMPATH\CodeIgniter.php(361): CodeIgniter\CodeIgniter->handleRequest(null, Object(Config\Cache), false)
11 FCPATH\index.php(79): CodeIgniter\CodeIgniter->run()
12 SYSTEMPATH\Commands\Server\rewrite.php(47): require_once('C:\\myproject\\public\\index.php')
CRITICAL - 2024-05-02 10:23:49 --> ErrorException: Undefined variable $developer
in APPPATH\Views\content\developer_dashboard_content.php on line 2.
 1 APPPATH\Views\content\developer_dashboard_content.php(2): CodeIgniter\Debug\Exceptions->errorHandler(2, 'Undefined variable $developer', 'C:\\myproject\\app\\Views\\content\\developer_dashboard_content.php', 2)
 2 APPPATH\Views\base.php(14): include('C:\\myproject\\app\\Views\\content\\developer_dashboard_content.php')
 3 APPPATH\Views\developer_dashboard.php(3): include('C:\\myproject\\app\\Views\\base.php')
 4 SYSTEMPATH\View\View.php(228): include('C:\\myproject\\app\\Views\\developer_dashboard.php')
 5 SYSTEMPATH\View\View.php(231): CodeIgniter\View\View->CodeIgniter\View\{closure}()
 6 SYSTEMPATH\Common.php(1178): CodeIgniter\View\View->render('developer_dashboard', [], true)
 7 APPPATH\Controllers\DeveloperDashboard.php(9): view('developer_dashboard')
 8 SYSTEMPATH\CodeIgniter.php(943): App\Controllers\DeveloperDashboard->index()
 9 SYSTEMPATH\CodeIgniter.php(503): CodeIgniter\CodeIgniter->runController(Object(App\Controllers\DeveloperDashboard))
10 SYSTEMPATH\CodeIgniter.php(361): CodeIgniter\CodeIgniter->handleRequest(null, Object(Config\Cache), false)
11 FCPATH\index.php(79): CodeIgniter\CodeIgniter->run()
12 SYSTEMPATH\Commands\Server\rewrite.php(47): require_once('C:\\myproject\\public\\index.php')
CRITICAL - 2024-05-02 10:23:57 --> ErrorException: Undefined variable $developer
in APPPATH\Views\content\developer_dashboard_content.php on line 2.
 1 APPPATH\Views\content\developer_dashboard_content.php(2): CodeIgniter\Debug\Exceptions->errorHandler(2, 'Undefined variable $developer', 'C:\\myproject\\app\\Views\\content\\developer_dashboard_content.php', 2)
 2 APPPATH\Views\base.php(14): include('C:\\myproject\\app\\Views\\content\\developer_dashboard_content.php')
 3 APPPATH\Views\developer_dashboard.php(3): include('C:\\myproject\\app\\Views\\base.php')
 4 SYSTEMPATH\View\View.php(228): include('C:\\myproject\\app\\Views\\developer_dashboard.php')
 5 SYSTEMPATH\View\View.php(231): CodeIgniter\View\View->CodeIgniter\View\{closure}()
 6 SYSTEMPATH\Common.php(1178): CodeIgniter\View\View->render('developer_dashboard', [], true)
 7 APPPATH\Controllers\DeveloperDashboard.php(9): view('developer_dashboard')
 8 SYSTEMPATH\CodeIgniter.php(943): App\Controllers\DeveloperDashboard->index()
 9 SYSTEMPATH\CodeIgniter.php(503): CodeIgniter\CodeIgniter->runController(Object(App\Controllers\DeveloperDashboard))
10 SYSTEMPATH\CodeIgniter.php(361): CodeIgniter\CodeIgniter->handleRequest(null, Object(Config\Cache), false)
11 FCPATH\index.php(79): CodeIgniter\CodeIgniter->run()
12 SYSTEMPATH\Commands\Server\rewrite.php(47): require_once('C:\\myproject\\public\\index.php')
CRITICAL - 2024-05-02 10:25:42 --> ErrorException: Undefined variable $developer
in APPPATH\Views\content\developer_dashboard_content.php on line 2.
 1 APPPATH\Views\content\developer_dashboard_content.php(2): CodeIgniter\Debug\Exceptions->errorHandler(2, 'Undefined variable $developer', 'C:\\myproject\\app\\Views\\content\\developer_dashboard_content.php', 2)
 2 APPPATH\Views\base.php(14): include('C:\\myproject\\app\\Views\\content\\developer_dashboard_content.php')
 3 APPPATH\Views\developer_dashboard.php(3): include('C:\\myproject\\app\\Views\\base.php')
 4 SYSTEMPATH\View\View.php(228): include('C:\\myproject\\app\\Views\\developer_dashboard.php')
 5 SYSTEMPATH\View\View.php(231): CodeIgniter\View\View->CodeIgniter\View\{closure}()
 6 SYSTEMPATH\Common.php(1178): CodeIgniter\View\View->render('developer_dashboard', [], true)
 7 APPPATH\Controllers\DeveloperDashboard.php(11): view('developer_dashboard')
 8 SYSTEMPATH\CodeIgniter.php(943): App\Controllers\DeveloperDashboard->index()
 9 SYSTEMPATH\CodeIgniter.php(503): CodeIgniter\CodeIgniter->runController(Object(App\Controllers\DeveloperDashboard))
10 SYSTEMPATH\CodeIgniter.php(361): CodeIgniter\CodeIgniter->handleRequest(null, Object(Config\Cache), false)
11 FCPATH\index.php(79): CodeIgniter\CodeIgniter->run()
12 SYSTEMPATH\Commands\Server\rewrite.php(47): require_once('C:\\myproject\\public\\index.php')
CRITICAL - 2024-05-02 10:25:46 --> ErrorException: Undefined variable $developer
in APPPATH\Views\content\developer_dashboard_content.php on line 2.
 1 APPPATH\Views\content\developer_dashboard_content.php(2): CodeIgniter\Debug\Exceptions->errorHandler(2, 'Undefined variable $developer', 'C:\\myproject\\app\\Views\\content\\developer_dashboard_content.php', 2)
 2 APPPATH\Views\base.php(14): include('C:\\myproject\\app\\Views\\content\\developer_dashboard_content.php')
 3 APPPATH\Views\developer_dashboard.php(3): include('C:\\myproject\\app\\Views\\base.php')
 4 SYSTEMPATH\View\View.php(228): include('C:\\myproject\\app\\Views\\developer_dashboard.php')
 5 SYSTEMPATH\View\View.php(231): CodeIgniter\View\View->CodeIgniter\View\{closure}()
 6 SYSTEMPATH\Common.php(1178): CodeIgniter\View\View->render('developer_dashboard', [], true)
 7 APPPATH\Controllers\DeveloperDashboard.php(11): view('developer_dashboard')
 8 SYSTEMPATH\CodeIgniter.php(943): App\Controllers\DeveloperDashboard->index()
 9 SYSTEMPATH\CodeIgniter.php(503): CodeIgniter\CodeIgniter->runController(Object(App\Controllers\DeveloperDashboard))
10 SYSTEMPATH\CodeIgniter.php(361): CodeIgniter\CodeIgniter->handleRequest(null, Object(Config\Cache), false)
11 FCPATH\index.php(79): CodeIgniter\CodeIgniter->run()
12 SYSTEMPATH\Commands\Server\rewrite.php(47): require_once('C:\\myproject\\public\\index.php')
CRITICAL - 2024-05-02 10:25:51 --> ErrorException: Undefined variable $developer
in APPPATH\Views\content\developer_dashboard_content.php on line 2.
 1 APPPATH\Views\content\developer_dashboard_content.php(2): CodeIgniter\Debug\Exceptions->errorHandler(2, 'Undefined variable $developer', 'C:\\myproject\\app\\Views\\content\\developer_dashboard_content.php', 2)
 2 APPPATH\Views\base.php(14): include('C:\\myproject\\app\\Views\\content\\developer_dashboard_content.php')
 3 APPPATH\Views\developer_dashboard.php(3): include('C:\\myproject\\app\\Views\\base.php')
 4 SYSTEMPATH\View\View.php(228): include('C:\\myproject\\app\\Views\\developer_dashboard.php')
 5 SYSTEMPATH\View\View.php(231): CodeIgniter\View\View->CodeIgniter\View\{closure}()
 6 SYSTEMPATH\Common.php(1178): CodeIgniter\View\View->render('developer_dashboard', [], true)
 7 APPPATH\Controllers\DeveloperDashboard.php(11): view('developer_dashboard')
 8 SYSTEMPATH\CodeIgniter.php(943): App\Controllers\DeveloperDashboard->index()
 9 SYSTEMPATH\CodeIgniter.php(503): CodeIgniter\CodeIgniter->runController(Object(App\Controllers\DeveloperDashboard))
10 SYSTEMPATH\CodeIgniter.php(361): CodeIgniter\CodeIgniter->handleRequest(null, Object(Config\Cache), false)
11 FCPATH\index.php(79): CodeIgniter\CodeIgniter->run()
12 SYSTEMPATH\Commands\Server\rewrite.php(47): require_once('C:\\myproject\\public\\index.php')
CRITICAL - 2024-05-02 10:40:53 --> ErrorException: Undefined variable $developer
in APPPATH\Views\content\developer_dashboard_content.php on line 2.
 1 APPPATH\Views\content\developer_dashboard_content.php(2): CodeIgniter\Debug\Exceptions->errorHandler(2, 'Undefined variable $developer', 'C:\\myproject\\app\\Views\\content\\developer_dashboard_content.php', 2)
 2 APPPATH\Views\base.php(14): include('C:\\myproject\\app\\Views\\content\\developer_dashboard_content.php')
 3 APPPATH\Views\developer_dashboard.php(3): include('C:\\myproject\\app\\Views\\base.php')
 4 SYSTEMPATH\View\View.php(228): include('C:\\myproject\\app\\Views\\developer_dashboard.php')
 5 SYSTEMPATH\View\View.php(231): CodeIgniter\View\View->CodeIgniter\View\{closure}()
 6 SYSTEMPATH\Common.php(1178): CodeIgniter\View\View->render('developer_dashboard', [], true)
 7 APPPATH\Controllers\DeveloperDashboard.php(11): view('developer_dashboard')
 8 SYSTEMPATH\CodeIgniter.php(943): App\Controllers\DeveloperDashboard->index()
 9 SYSTEMPATH\CodeIgniter.php(503): CodeIgniter\CodeIgniter->runController(Object(App\Controllers\DeveloperDashboard))
10 SYSTEMPATH\CodeIgniter.php(361): CodeIgniter\CodeIgniter->handleRequest(null, Object(Config\Cache), false)
11 FCPATH\index.php(79): CodeIgniter\CodeIgniter->run()
12 SYSTEMPATH\Commands\Server\rewrite.php(47): require_once('C:\\myproject\\public\\index.php')
CRITICAL - 2024-05-02 10:42:36 --> ErrorException: Undefined variable $developer
in APPPATH\Views\content\developer_dashboard_content.php on line 2.
 1 APPPATH\Views\content\developer_dashboard_content.php(2): CodeIgniter\Debug\Exceptions->errorHandler(2, 'Undefined variable $developer', 'C:\\myproject\\app\\Views\\content\\developer_dashboard_content.php', 2)
 2 APPPATH\Views\base.php(14): include('C:\\myproject\\app\\Views\\content\\developer_dashboard_content.php')
 3 APPPATH\Views\developer_dashboard.php(3): include('C:\\myproject\\app\\Views\\base.php')
 4 SYSTEMPATH\View\View.php(228): include('C:\\myproject\\app\\Views\\developer_dashboard.php')
 5 SYSTEMPATH\View\View.php(231): CodeIgniter\View\View->CodeIgniter\View\{closure}()
 6 SYSTEMPATH\Common.php(1178): CodeIgniter\View\View->render('developer_dashboard', [], true)
 7 APPPATH\Controllers\DeveloperDashboard.php(11): view('developer_dashboard')
 8 SYSTEMPATH\CodeIgniter.php(943): App\Controllers\DeveloperDashboard->index()
 9 SYSTEMPATH\CodeIgniter.php(503): CodeIgniter\CodeIgniter->runController(Object(App\Controllers\DeveloperDashboard))
10 SYSTEMPATH\CodeIgniter.php(361): CodeIgniter\CodeIgniter->handleRequest(null, Object(Config\Cache), false)
11 FCPATH\index.php(79): CodeIgniter\CodeIgniter->run()
12 SYSTEMPATH\Commands\Server\rewrite.php(47): require_once('C:\\myproject\\public\\index.php')
CRITICAL - 2024-05-02 10:45:27 --> ErrorException: Undefined variable $developer
in APPPATH\Views\content\developer_dashboard_content.php on line 2.
 1 APPPATH\Views\content\developer_dashboard_content.php(2): CodeIgniter\Debug\Exceptions->errorHandler(2, 'Undefined variable $developer', 'C:\\myproject\\app\\Views\\content\\developer_dashboard_content.php', 2)
 2 APPPATH\Views\base.php(14): include('C:\\myproject\\app\\Views\\content\\developer_dashboard_content.php')
 3 APPPATH\Views\developer_dashboard.php(3): include('C:\\myproject\\app\\Views\\base.php')
 4 SYSTEMPATH\View\View.php(228): include('C:\\myproject\\app\\Views\\developer_dashboard.php')
 5 SYSTEMPATH\View\View.php(231): CodeIgniter\View\View->CodeIgniter\View\{closure}()
 6 SYSTEMPATH\Common.php(1178): CodeIgniter\View\View->render('developer_dashboard', [], true)
 7 APPPATH\Controllers\DeveloperDashboard.php(11): view('developer_dashboard')
 8 SYSTEMPATH\CodeIgniter.php(943): App\Controllers\DeveloperDashboard->index()
 9 SYSTEMPATH\CodeIgniter.php(503): CodeIgniter\CodeIgniter->runController(Object(App\Controllers\DeveloperDashboard))
10 SYSTEMPATH\CodeIgniter.php(361): CodeIgniter\CodeIgniter->handleRequest(null, Object(Config\Cache), false)
11 FCPATH\index.php(79): CodeIgniter\CodeIgniter->run()
12 SYSTEMPATH\Commands\Server\rewrite.php(47): require_once('C:\\myproject\\public\\index.php')
CRITICAL - 2024-05-02 10:47:57 --> ErrorException: Undefined variable $developer
in APPPATH\Views\content\developer_dashboard_content.php on line 2.
 1 APPPATH\Views\content\developer_dashboard_content.php(2): CodeIgniter\Debug\Exceptions->errorHandler(2, 'Undefined variable $developer', 'C:\\myproject\\app\\Views\\content\\developer_dashboard_content.php', 2)
 2 APPPATH\Views\base.php(14): include('C:\\myproject\\app\\Views\\content\\developer_dashboard_content.php')
 3 APPPATH\Views\developer_dashboard.php(3): include('C:\\myproject\\app\\Views\\base.php')
 4 SYSTEMPATH\View\View.php(228): include('C:\\myproject\\app\\Views\\developer_dashboard.php')
 5 SYSTEMPATH\View\View.php(231): CodeIgniter\View\View->CodeIgniter\View\{closure}()
 6 SYSTEMPATH\Common.php(1178): CodeIgniter\View\View->render('developer_dashboard', [], true)
 7 APPPATH\Controllers\DeveloperDashboard.php(11): view('developer_dashboard')
 8 SYSTEMPATH\CodeIgniter.php(943): App\Controllers\DeveloperDashboard->index()
 9 SYSTEMPATH\CodeIgniter.php(503): CodeIgniter\CodeIgniter->runController(Object(App\Controllers\DeveloperDashboard))
10 SYSTEMPATH\CodeIgniter.php(361): CodeIgniter\CodeIgniter->handleRequest(null, Object(Config\Cache), false)
11 FCPATH\index.php(79): CodeIgniter\CodeIgniter->run()
12 SYSTEMPATH\Commands\Server\rewrite.php(47): require_once('C:\\myproject\\public\\index.php')
CRITICAL - 2024-05-02 10:53:44 --> ErrorException: Undefined property: App\Controllers\DeveloperDashboard::$session
in APPPATH\Controllers\DeveloperDashboard.php on line 17.
 1 APPPATH\Controllers\DeveloperDashboard.php(17): CodeIgniter\Debug\Exceptions->errorHandler(2, 'Undefined property: App\\Controllers\\DeveloperDashboard::$session', 'C:\\myproject\\app\\Controllers\\DeveloperDashboard.php', 17)
 2 SYSTEMPATH\CodeIgniter.php(943): App\Controllers\DeveloperDashboard->dashboard()
 3 SYSTEMPATH\CodeIgniter.php(503): CodeIgniter\CodeIgniter->runController(Object(App\Controllers\DeveloperDashboard))
 4 SYSTEMPATH\CodeIgniter.php(361): CodeIgniter\CodeIgniter->handleRequest(null, Object(Config\Cache), false)
 5 FCPATH\index.php(79): CodeIgniter\CodeIgniter->run()
 6 SYSTEMPATH\Commands\Server\rewrite.php(47): require_once('C:\\myproject\\public\\index.php')
CRITICAL - 2024-05-02 11:17:56 --> ErrorException: Undefined property: App\Controllers\DeveloperDashboard::$session
in APPPATH\Controllers\DeveloperDashboard.php on line 17.
 1 APPPATH\Controllers\DeveloperDashboard.php(17): CodeIgniter\Debug\Exceptions->errorHandler(2, 'Undefined property: App\\Controllers\\DeveloperDashboard::$session', 'C:\\myproject\\app\\Controllers\\DeveloperDashboard.php', 17)
 2 SYSTEMPATH\CodeIgniter.php(943): App\Controllers\DeveloperDashboard->dashboard()
 3 SYSTEMPATH\CodeIgniter.php(503): CodeIgniter\CodeIgniter->runController(Object(App\Controllers\DeveloperDashboard))
 4 SYSTEMPATH\CodeIgniter.php(361): CodeIgniter\CodeIgniter->handleRequest(null, Object(Config\Cache), false)
 5 FCPATH\index.php(79): CodeIgniter\CodeIgniter->run()
 6 SYSTEMPATH\Commands\Server\rewrite.php(47): require_once('C:\\myproject\\public\\index.php')
CRITICAL - 2024-05-02 12:21:27 --> CodeIgniter\View\Exceptions\ViewException: Invalid file: "not_authorized.php"
in SYSTEMPATH\Exceptions\FrameworkException.php on line 39.
 1 SYSTEMPATH\View\View.php(216): CodeIgniter\Exceptions\FrameworkException::forInvalidFile('not_authorized.php')
 2 SYSTEMPATH\Common.php(1178): CodeIgniter\View\View->render('not_authorized', [], true)
 3 APPPATH\Controllers\DeveloperDashboard.php(12): view('not_authorized')
 4 SYSTEMPATH\CodeIgniter.php(943): App\Controllers\DeveloperDashboard->index()
 5 SYSTEMPATH\CodeIgniter.php(503): CodeIgniter\CodeIgniter->runController(Object(App\Controllers\DeveloperDashboard))
 6 SYSTEMPATH\CodeIgniter.php(361): CodeIgniter\CodeIgniter->handleRequest(null, Object(Config\Cache), false)
 7 FCPATH\index.php(79): CodeIgniter\CodeIgniter->run()
 8 SYSTEMPATH\Commands\Server\rewrite.php(47): require_once('C:\\myproject\\public\\index.php')
CRITICAL - 2024-05-02 12:22:20 --> CodeIgniter\View\Exceptions\ViewException: Invalid file: "not_authorized.php"
in SYSTEMPATH\Exceptions\FrameworkException.php on line 39.
 1 SYSTEMPATH\View\View.php(216): CodeIgniter\Exceptions\FrameworkException::forInvalidFile('not_authorized.php')
 2 SYSTEMPATH\Common.php(1178): CodeIgniter\View\View->render('not_authorized', [], true)
 3 APPPATH\Controllers\DeveloperDashboard.php(12): view('not_authorized')
 4 SYSTEMPATH\CodeIgniter.php(943): App\Controllers\DeveloperDashboard->index()
 5 SYSTEMPATH\CodeIgniter.php(503): CodeIgniter\CodeIgniter->runController(Object(App\Controllers\DeveloperDashboard))
 6 SYSTEMPATH\CodeIgniter.php(361): CodeIgniter\CodeIgniter->handleRequest(null, Object(Config\Cache), false)
 7 FCPATH\index.php(79): CodeIgniter\CodeIgniter->run()
 8 SYSTEMPATH\Commands\Server\rewrite.php(47): require_once('C:\\myproject\\public\\index.php')
CRITICAL - 2024-05-02 12:23:10 --> ErrorException: Undefined variable $email
in APPPATH\Views\content\developer_dashboard_content.php on line 2.
 1 APPPATH\Views\content\developer_dashboard_content.php(2): CodeIgniter\Debug\Exceptions->errorHandler(2, 'Undefined variable $email', 'C:\\myproject\\app\\Views\\content\\developer_dashboard_content.php', 2)
 2 APPPATH\Views\base.php(14): include('C:\\myproject\\app\\Views\\content\\developer_dashboard_content.php')
 3 APPPATH\Views\developer_dashboard.php(3): include('C:\\myproject\\app\\Views\\base.php')
 4 SYSTEMPATH\View\View.php(228): include('C:\\myproject\\app\\Views\\developer_dashboard.php')
 5 SYSTEMPATH\View\View.php(231): CodeIgniter\View\View->CodeIgniter\View\{closure}()
 6 SYSTEMPATH\Common.php(1178): CodeIgniter\View\View->render('developer_dashboard', [], true)
 7 APPPATH\Controllers\DeveloperDashboard.php(18): view('developer_dashboard', [...])
 8 SYSTEMPATH\CodeIgniter.php(943): App\Controllers\DeveloperDashboard->index()
 9 SYSTEMPATH\CodeIgniter.php(503): CodeIgniter\CodeIgniter->runController(Object(App\Controllers\DeveloperDashboard))
10 SYSTEMPATH\CodeIgniter.php(361): CodeIgniter\CodeIgniter->handleRequest(null, Object(Config\Cache), false)
11 FCPATH\index.php(79): CodeIgniter\CodeIgniter->run()
12 SYSTEMPATH\Commands\Server\rewrite.php(47): require_once('C:\\myproject\\public\\index.php')
CRITICAL - 2024-05-02 12:24:31 --> ErrorException: Undefined variable $data
in APPPATH\Views\content\developer_dashboard_content.php on line 2.
 1 APPPATH\Views\content\developer_dashboard_content.php(2): CodeIgniter\Debug\Exceptions->errorHandler(2, 'Undefined variable $data', 'C:\\myproject\\app\\Views\\content\\developer_dashboard_content.php', 2)
 2 APPPATH\Views\base.php(14): include('C:\\myproject\\app\\Views\\content\\developer_dashboard_content.php')
 3 APPPATH\Views\developer_dashboard.php(3): include('C:\\myproject\\app\\Views\\base.php')
 4 SYSTEMPATH\View\View.php(228): include('C:\\myproject\\app\\Views\\developer_dashboard.php')
 5 SYSTEMPATH\View\View.php(231): CodeIgniter\View\View->CodeIgniter\View\{closure}()
 6 SYSTEMPATH\Common.php(1178): CodeIgniter\View\View->render('developer_dashboard', [], true)
 7 APPPATH\Controllers\DeveloperDashboard.php(18): view('developer_dashboard', [...])
 8 SYSTEMPATH\CodeIgniter.php(943): App\Controllers\DeveloperDashboard->index()
 9 SYSTEMPATH\CodeIgniter.php(503): CodeIgniter\CodeIgniter->runController(Object(App\Controllers\DeveloperDashboard))
10 SYSTEMPATH\CodeIgniter.php(361): CodeIgniter\CodeIgniter->handleRequest(null, Object(Config\Cache), false)
11 FCPATH\index.php(79): CodeIgniter\CodeIgniter->run()
12 SYSTEMPATH\Commands\Server\rewrite.php(47): require_once('C:\\myproject\\public\\index.php')
CRITICAL - 2024-05-02 12:24:40 --> ErrorException: Undefined variable $data
in APPPATH\Views\content\developer_dashboard_content.php on line 2.
 1 APPPATH\Views\content\developer_dashboard_content.php(2): CodeIgniter\Debug\Exceptions->errorHandler(2, 'Undefined variable $data', 'C:\\myproject\\app\\Views\\content\\developer_dashboard_content.php', 2)
 2 APPPATH\Views\base.php(14): include('C:\\myproject\\app\\Views\\content\\developer_dashboard_content.php')
 3 APPPATH\Views\developer_dashboard.php(3): include('C:\\myproject\\app\\Views\\base.php')
 4 SYSTEMPATH\View\View.php(228): include('C:\\myproject\\app\\Views\\developer_dashboard.php')
 5 SYSTEMPATH\View\View.php(231): CodeIgniter\View\View->CodeIgniter\View\{closure}()
 6 SYSTEMPATH\Common.php(1178): CodeIgniter\View\View->render('developer_dashboard', [], true)
 7 APPPATH\Controllers\DeveloperDashboard.php(18): view('developer_dashboard', [...])
 8 SYSTEMPATH\CodeIgniter.php(943): App\Controllers\DeveloperDashboard->index()
 9 SYSTEMPATH\CodeIgniter.php(503): CodeIgniter\CodeIgniter->runController(Object(App\Controllers\DeveloperDashboard))
10 SYSTEMPATH\CodeIgniter.php(361): CodeIgniter\CodeIgniter->handleRequest(null, Object(Config\Cache), false)
11 FCPATH\index.php(79): CodeIgniter\CodeIgniter->run()
12 SYSTEMPATH\Commands\Server\rewrite.php(47): require_once('C:\\myproject\\public\\index.php')
CRITICAL - 2024-05-02 12:24:45 --> ErrorException: Undefined variable $data
in APPPATH\Views\content\developer_dashboard_content.php on line 2.
 1 APPPATH\Views\content\developer_dashboard_content.php(2): CodeIgniter\Debug\Exceptions->errorHandler(2, 'Undefined variable $data', 'C:\\myproject\\app\\Views\\content\\developer_dashboard_content.php', 2)
 2 APPPATH\Views\base.php(14): include('C:\\myproject\\app\\Views\\content\\developer_dashboard_content.php')
 3 APPPATH\Views\developer_dashboard.php(3): include('C:\\myproject\\app\\Views\\base.php')
 4 SYSTEMPATH\View\View.php(228): include('C:\\myproject\\app\\Views\\developer_dashboard.php')
 5 SYSTEMPATH\View\View.php(231): CodeIgniter\View\View->CodeIgniter\View\{closure}()
 6 SYSTEMPATH\Common.php(1178): CodeIgniter\View\View->render('developer_dashboard', [], true)
 7 APPPATH\Controllers\DeveloperDashboard.php(18): view('developer_dashboard', [...])
 8 SYSTEMPATH\CodeIgniter.php(943): App\Controllers\DeveloperDashboard->index()
 9 SYSTEMPATH\CodeIgniter.php(503): CodeIgniter\CodeIgniter->runController(Object(App\Controllers\DeveloperDashboard))
10 SYSTEMPATH\CodeIgniter.php(361): CodeIgniter\CodeIgniter->handleRequest(null, Object(Config\Cache), false)
11 FCPATH\index.php(79): CodeIgniter\CodeIgniter->run()
12 SYSTEMPATH\Commands\Server\rewrite.php(47): require_once('C:\\myproject\\public\\index.php')
CRITICAL - 2024-05-02 12:36:05 --> ErrorException: Undefined property: App\Controllers\Validate::$session
in APPPATH\Controllers\Validate.php on line 26.
 1 APPPATH\Controllers\Validate.php(26): CodeIgniter\Debug\Exceptions->errorHandler(2, 'Undefined property: App\\Controllers\\Validate::$session', 'C:\\myproject\\app\\Controllers\\Validate.php', 26)
 2 SYSTEMPATH\CodeIgniter.php(943): App\Controllers\Validate->login()
 3 SYSTEMPATH\CodeIgniter.php(503): CodeIgniter\CodeIgniter->runController(Object(App\Controllers\Validate))
 4 SYSTEMPATH\CodeIgniter.php(361): CodeIgniter\CodeIgniter->handleRequest(null, Object(Config\Cache), false)
 5 FCPATH\index.php(79): CodeIgniter\CodeIgniter->run()
 6 SYSTEMPATH\Commands\Server\rewrite.php(47): require_once('C:\\myproject\\public\\index.php')
CRITICAL - 2024-05-02 12:43:18 --> ErrorException: Undefined property: App\Controllers\DeveloperDashboard::$session
in APPPATH\Controllers\DeveloperDashboard.php on line 12.
 1 APPPATH\Controllers\DeveloperDashboard.php(12): CodeIgniter\Debug\Exceptions->errorHandler(2, 'Undefined property: App\\Controllers\\DeveloperDashboard::$session', 'C:\\myproject\\app\\Controllers\\DeveloperDashboard.php', 12)
 2 SYSTEMPATH\CodeIgniter.php(943): App\Controllers\DeveloperDashboard->dashboard()
 3 SYSTEMPATH\CodeIgniter.php(503): CodeIgniter\CodeIgniter->runController(Object(App\Controllers\DeveloperDashboard))
 4 SYSTEMPATH\CodeIgniter.php(361): CodeIgniter\CodeIgniter->handleRequest(null, Object(Config\Cache), false)
 5 FCPATH\index.php(79): CodeIgniter\CodeIgniter->run()
 6 SYSTEMPATH\Commands\Server\rewrite.php(47): require_once('C:\\myproject\\public\\index.php')
CRITICAL - 2024-05-02 12:44:17 --> ErrorException: Undefined property: App\Controllers\DeveloperDashboard::$session
in APPPATH\Controllers\DeveloperDashboard.php on line 12.
 1 APPPATH\Controllers\DeveloperDashboard.php(12): CodeIgniter\Debug\Exceptions->errorHandler(2, 'Undefined property: App\\Controllers\\DeveloperDashboard::$session', 'C:\\myproject\\app\\Controllers\\DeveloperDashboard.php', 12)
 2 SYSTEMPATH\CodeIgniter.php(943): App\Controllers\DeveloperDashboard->dashboard()
 3 SYSTEMPATH\CodeIgniter.php(503): CodeIgniter\CodeIgniter->runController(Object(App\Controllers\DeveloperDashboard))
 4 SYSTEMPATH\CodeIgniter.php(361): CodeIgniter\CodeIgniter->handleRequest(null, Object(Config\Cache), false)
 5 FCPATH\index.php(79): CodeIgniter\CodeIgniter->run()
 6 SYSTEMPATH\Commands\Server\rewrite.php(47): require_once('C:\\myproject\\public\\index.php')
CRITICAL - 2024-05-02 12:44:18 --> ErrorException: Undefined property: App\Controllers\DeveloperDashboard::$session
in APPPATH\Controllers\DeveloperDashboard.php on line 12.
 1 APPPATH\Controllers\DeveloperDashboard.php(12): CodeIgniter\Debug\Exceptions->errorHandler(2, 'Undefined property: App\\Controllers\\DeveloperDashboard::$session', 'C:\\myproject\\app\\Controllers\\DeveloperDashboard.php', 12)
 2 SYSTEMPATH\CodeIgniter.php(943): App\Controllers\DeveloperDashboard->dashboard()
 3 SYSTEMPATH\CodeIgniter.php(503): CodeIgniter\CodeIgniter->runController(Object(App\Controllers\DeveloperDashboard))
 4 SYSTEMPATH\CodeIgniter.php(361): CodeIgniter\CodeIgniter->handleRequest(null, Object(Config\Cache), false)
 5 FCPATH\index.php(79): CodeIgniter\CodeIgniter->run()
 6 SYSTEMPATH\Commands\Server\rewrite.php(47): require_once('C:\\myproject\\public\\index.php')
CRITICAL - 2024-05-02 12:44:18 --> ErrorException: Undefined property: App\Controllers\DeveloperDashboard::$session
in APPPATH\Controllers\DeveloperDashboard.php on line 12.
 1 APPPATH\Controllers\DeveloperDashboard.php(12): CodeIgniter\Debug\Exceptions->errorHandler(2, 'Undefined property: App\\Controllers\\DeveloperDashboard::$session', 'C:\\myproject\\app\\Controllers\\DeveloperDashboard.php', 12)
 2 SYSTEMPATH\CodeIgniter.php(943): App\Controllers\DeveloperDashboard->dashboard()
 3 SYSTEMPATH\CodeIgniter.php(503): CodeIgniter\CodeIgniter->runController(Object(App\Controllers\DeveloperDashboard))
 4 SYSTEMPATH\CodeIgniter.php(361): CodeIgniter\CodeIgniter->handleRequest(null, Object(Config\Cache), false)
 5 FCPATH\index.php(79): CodeIgniter\CodeIgniter->run()
 6 SYSTEMPATH\Commands\Server\rewrite.php(47): require_once('C:\\myproject\\public\\index.php')
CRITICAL - 2024-05-02 12:44:23 --> ErrorException: Undefined property: App\Controllers\Validate::$session
in APPPATH\Controllers\Validate.php on line 26.
 1 APPPATH\Controllers\Validate.php(26): CodeIgniter\Debug\Exceptions->errorHandler(2, 'Undefined property: App\\Controllers\\Validate::$session', 'C:\\myproject\\app\\Controllers\\Validate.php', 26)
 2 SYSTEMPATH\CodeIgniter.php(943): App\Controllers\Validate->login()
 3 SYSTEMPATH\CodeIgniter.php(503): CodeIgniter\CodeIgniter->runController(Object(App\Controllers\Validate))
 4 SYSTEMPATH\CodeIgniter.php(361): CodeIgniter\CodeIgniter->handleRequest(null, Object(Config\Cache), false)
 5 FCPATH\index.php(79): CodeIgniter\CodeIgniter->run()
 6 SYSTEMPATH\Commands\Server\rewrite.php(47): require_once('C:\\myproject\\public\\index.php')
CRITICAL - 2024-05-02 12:44:39 --> ErrorException: Undefined property: App\Controllers\DeveloperDashboard::$session
in APPPATH\Controllers\DeveloperDashboard.php on line 12.
 1 APPPATH\Controllers\DeveloperDashboard.php(12): CodeIgniter\Debug\Exceptions->errorHandler(2, 'Undefined property: App\\Controllers\\DeveloperDashboard::$session', 'C:\\myproject\\app\\Controllers\\DeveloperDashboard.php', 12)
 2 SYSTEMPATH\CodeIgniter.php(943): App\Controllers\DeveloperDashboard->dashboard()
 3 SYSTEMPATH\CodeIgniter.php(503): CodeIgniter\CodeIgniter->runController(Object(App\Controllers\DeveloperDashboard))
 4 SYSTEMPATH\CodeIgniter.php(361): CodeIgniter\CodeIgniter->handleRequest(null, Object(Config\Cache), false)
 5 FCPATH\index.php(79): CodeIgniter\CodeIgniter->run()
 6 SYSTEMPATH\Commands\Server\rewrite.php(47): require_once('C:\\myproject\\public\\index.php')
CRITICAL - 2024-05-02 12:44:51 --> ErrorException: Undefined property: App\Controllers\DeveloperDashboard::$session
in APPPATH\Controllers\DeveloperDashboard.php on line 12.
 1 APPPATH\Controllers\DeveloperDashboard.php(12): CodeIgniter\Debug\Exceptions->errorHandler(2, 'Undefined property: App\\Controllers\\DeveloperDashboard::$session', 'C:\\myproject\\app\\Controllers\\DeveloperDashboard.php', 12)
 2 SYSTEMPATH\CodeIgniter.php(943): App\Controllers\DeveloperDashboard->dashboard()
 3 SYSTEMPATH\CodeIgniter.php(503): CodeIgniter\CodeIgniter->runController(Object(App\Controllers\DeveloperDashboard))
 4 SYSTEMPATH\CodeIgniter.php(361): CodeIgniter\CodeIgniter->handleRequest(null, Object(Config\Cache), false)
 5 FCPATH\index.php(79): CodeIgniter\CodeIgniter->run()
 6 SYSTEMPATH\Commands\Server\rewrite.php(47): require_once('C:\\myproject\\public\\index.php')
CRITICAL - 2024-05-02 12:45:18 --> ErrorException: Undefined variable $developer
in APPPATH\Views\content\developer_dashboard_content.php on line 2.
 1 APPPATH\Views\content\developer_dashboard_content.php(2): CodeIgniter\Debug\Exceptions->errorHandler(2, 'Undefined variable $developer', 'C:\\myproject\\app\\Views\\content\\developer_dashboard_content.php', 2)
 2 APPPATH\Views\base.php(14): include('C:\\myproject\\app\\Views\\content\\developer_dashboard_content.php')
 3 APPPATH\Views\developer_dashboard.php(3): include('C:\\myproject\\app\\Views\\base.php')
 4 SYSTEMPATH\View\View.php(228): include('C:\\myproject\\app\\Views\\developer_dashboard.php')
 5 SYSTEMPATH\View\View.php(231): CodeIgniter\View\View->CodeIgniter\View\{closure}()
 6 SYSTEMPATH\Common.php(1178): CodeIgniter\View\View->render('developer_dashboard', [], true)
 7 APPPATH\Controllers\DeveloperDashboard.php(11): view('developer_dashboard')
 8 SYSTEMPATH\CodeIgniter.php(943): App\Controllers\DeveloperDashboard->index()
 9 SYSTEMPATH\CodeIgniter.php(503): CodeIgniter\CodeIgniter->runController(Object(App\Controllers\DeveloperDashboard))
10 SYSTEMPATH\CodeIgniter.php(361): CodeIgniter\CodeIgniter->handleRequest(null, Object(Config\Cache), false)
11 FCPATH\index.php(79): CodeIgniter\CodeIgniter->run()
12 SYSTEMPATH\Commands\Server\rewrite.php(47): require_once('C:\\myproject\\public\\index.php')
CRITICAL - 2024-05-02 12:53:29 --> ErrorException: Undefined property: App\Controllers\DeveloperDashboard::$session
in APPPATH\Controllers\DeveloperDashboard.php on line 12.
 1 APPPATH\Controllers\DeveloperDashboard.php(12): CodeIgniter\Debug\Exceptions->errorHandler(2, 'Undefined property: App\\Controllers\\DeveloperDashboard::$session', 'C:\\myproject\\app\\Controllers\\DeveloperDashboard.php', 12)
 2 SYSTEMPATH\CodeIgniter.php(943): App\Controllers\DeveloperDashboard->index()
 3 SYSTEMPATH\CodeIgniter.php(503): CodeIgniter\CodeIgniter->runController(Object(App\Controllers\DeveloperDashboard))
 4 SYSTEMPATH\CodeIgniter.php(361): CodeIgniter\CodeIgniter->handleRequest(null, Object(Config\Cache), false)
 5 FCPATH\index.php(79): CodeIgniter\CodeIgniter->run()
 6 SYSTEMPATH\Commands\Server\rewrite.php(47): require_once('C:\\myproject\\public\\index.php')
CRITICAL - 2024-05-02 12:55:19 --> Error: Call to undefined method CodeIgniter\Session\Session::has_userdata()
in APPPATH\Controllers\DeveloperDashboard.php on line 21.
 1 SYSTEMPATH\CodeIgniter.php(943): App\Controllers\DeveloperDashboard->index()
 2 SYSTEMPATH\CodeIgniter.php(503): CodeIgniter\CodeIgniter->runController(Object(App\Controllers\DeveloperDashboard))
 3 SYSTEMPATH\CodeIgniter.php(361): CodeIgniter\CodeIgniter->handleRequest(null, Object(Config\Cache), false)
 4 FCPATH\index.php(79): CodeIgniter\CodeIgniter->run()
 5 SYSTEMPATH\Commands\Server\rewrite.php(47): require_once('C:\\myproject\\public\\index.php')
CRITICAL - 2024-05-02 12:59:39 --> ErrorException: Array to string conversion
in APPPATH\Views\content\developer_dashboard_content.php on line 2.
 1 APPPATH\Views\content\developer_dashboard_content.php(2): CodeIgniter\Debug\Exceptions->errorHandler(2, 'Array to string conversion', 'C:\\myproject\\app\\Views\\content\\developer_dashboard_content.php', 2)
 2 APPPATH\Views\base.php(14): include('C:\\myproject\\app\\Views\\content\\developer_dashboard_content.php')
 3 APPPATH\Views\developer_dashboard.php(3): include('C:\\myproject\\app\\Views\\base.php')
 4 SYSTEMPATH\View\View.php(228): include('C:\\myproject\\app\\Views\\developer_dashboard.php')
 5 SYSTEMPATH\View\View.php(231): CodeIgniter\View\View->CodeIgniter\View\{closure}()
 6 SYSTEMPATH\Common.php(1178): CodeIgniter\View\View->render('developer_dashboard', [], true)
 7 APPPATH\Controllers\DeveloperDashboard.php(36): view('developer_dashboard', [...])
 8 SYSTEMPATH\CodeIgniter.php(943): App\Controllers\DeveloperDashboard->index()
 9 SYSTEMPATH\CodeIgniter.php(503): CodeIgniter\CodeIgniter->runController(Object(App\Controllers\DeveloperDashboard))
10 SYSTEMPATH\CodeIgniter.php(361): CodeIgniter\CodeIgniter->handleRequest(null, Object(Config\Cache), false)
11 FCPATH\index.php(79): CodeIgniter\CodeIgniter->run()
12 SYSTEMPATH\Commands\Server\rewrite.php(47): require_once('C:\\myproject\\public\\index.php')
CRITICAL - 2024-05-02 13:12:46 --> TypeError: App\Controllers\DeveloperDashboard::index(): Return value must be of type string, CodeIgniter\HTTP\RedirectResponse returned
in APPPATH\Controllers\DeveloperDashboard.php on line 23.
 1 SYSTEMPATH\CodeIgniter.php(943): App\Controllers\DeveloperDashboard->index()
 2 SYSTEMPATH\CodeIgniter.php(503): CodeIgniter\CodeIgniter->runController(Object(App\Controllers\DeveloperDashboard))
 3 SYSTEMPATH\CodeIgniter.php(361): CodeIgniter\CodeIgniter->handleRequest(null, Object(Config\Cache), false)
 4 FCPATH\index.php(79): CodeIgniter\CodeIgniter->run()
 5 SYSTEMPATH\Commands\Server\rewrite.php(47): require_once('C:\\myproject\\public\\index.php')
CRITICAL - 2024-05-02 13:22:24 --> ErrorException: Undefined variable $developer
in APPPATH\Views\content\developer_dashboard_content.php on line 2.
 1 APPPATH\Views\content\developer_dashboard_content.php(2): CodeIgniter\Debug\Exceptions->errorHandler(2, 'Undefined variable $developer', 'C:\\myproject\\app\\Views\\content\\developer_dashboard_content.php', 2)
 2 APPPATH\Views\base_developer.php(14): include('C:\\myproject\\app\\Views\\content\\developer_dashboard_content.php')
 3 APPPATH\Views\developer_dashboard.php(3): include('C:\\myproject\\app\\Views\\base_developer.php')
 4 SYSTEMPATH\View\View.php(228): include('C:\\myproject\\app\\Views\\developer_dashboard.php')
 5 SYSTEMPATH\View\View.php(231): CodeIgniter\View\View->CodeIgniter\View\{closure}()
 6 SYSTEMPATH\Common.php(1178): CodeIgniter\View\View->render('developer_dashboard', [], true)
 7 APPPATH\Controllers\DeveloperDashboard.php(9): view('developer_dashboard')
 8 SYSTEMPATH\CodeIgniter.php(943): App\Controllers\DeveloperDashboard->index()
 9 SYSTEMPATH\CodeIgniter.php(503): CodeIgniter\CodeIgniter->runController(Object(App\Controllers\DeveloperDashboard))
10 SYSTEMPATH\CodeIgniter.php(361): CodeIgniter\CodeIgniter->handleRequest(null, Object(Config\Cache), false)
11 FCPATH\index.php(79): CodeIgniter\CodeIgniter->run()
12 SYSTEMPATH\Commands\Server\rewrite.php(47): require_once('C:\\myproject\\public\\index.php')
CRITICAL - 2024-05-02 13:23:33 --> ErrorException: Undefined variable $developer
in APPPATH\Views\content\developer_dashboard_content.php on line 2.
 1 APPPATH\Views\content\developer_dashboard_content.php(2): CodeIgniter\Debug\Exceptions->errorHandler(2, 'Undefined variable $developer', 'C:\\myproject\\app\\Views\\content\\developer_dashboard_content.php', 2)
 2 APPPATH\Views\base_developer.php(14): include('C:\\myproject\\app\\Views\\content\\developer_dashboard_content.php')
 3 APPPATH\Views\developer_dashboard.php(3): include('C:\\myproject\\app\\Views\\base_developer.php')
 4 SYSTEMPATH\View\View.php(228): include('C:\\myproject\\app\\Views\\developer_dashboard.php')
 5 SYSTEMPATH\View\View.php(231): CodeIgniter\View\View->CodeIgniter\View\{closure}()
 6 SYSTEMPATH\Common.php(1178): CodeIgniter\View\View->render('developer_dashboard', [], true)
 7 APPPATH\Controllers\DeveloperDashboard.php(9): view('developer_dashboard')
 8 SYSTEMPATH\CodeIgniter.php(943): App\Controllers\DeveloperDashboard->index()
 9 SYSTEMPATH\CodeIgniter.php(503): CodeIgniter\CodeIgniter->runController(Object(App\Controllers\DeveloperDashboard))
10 SYSTEMPATH\CodeIgniter.php(361): CodeIgniter\CodeIgniter->handleRequest(null, Object(Config\Cache), false)
11 FCPATH\index.php(79): CodeIgniter\CodeIgniter->run()
12 SYSTEMPATH\Commands\Server\rewrite.php(47): require_once('C:\\myproject\\public\\index.php')
CRITICAL - 2024-05-02 13:24:03 --> TypeError: App\Controllers\DeveloperDashboard::index(): Return value must be of type string, CodeIgniter\HTTP\RedirectResponse returned
in APPPATH\Controllers\DeveloperDashboard.php on line 23.
 1 SYSTEMPATH\CodeIgniter.php(943): App\Controllers\DeveloperDashboard->index()
 2 SYSTEMPATH\CodeIgniter.php(503): CodeIgniter\CodeIgniter->runController(Object(App\Controllers\DeveloperDashboard))
 3 SYSTEMPATH\CodeIgniter.php(361): CodeIgniter\CodeIgniter->handleRequest(null, Object(Config\Cache), false)
 4 FCPATH\index.php(79): CodeIgniter\CodeIgniter->run()
 5 SYSTEMPATH\Commands\Server\rewrite.php(47): require_once('C:\\myproject\\public\\index.php')
ERROR - 2024-05-02 22:14:43 --> Error connecting to the database: mysqli_sql_exception: No connection could be made because the target machine actively refused it in C:\myproject\vendor\codeigniter4\framework\system\Database\MySQLi\Connection.php:184
Stack trace:
#0 C:\myproject\vendor\codeigniter4\framework\system\Database\MySQLi\Connection.php(184): mysqli->real_connect('localhost', 'root', Object(SensitiveParameterValue), 'devaway_databas...', 3306, '', 0)
#1 C:\myproject\vendor\codeigniter4\framework\system\Database\BaseConnection.php(392): CodeIgniter\Database\MySQLi\Connection->connect(false)
#2 C:\myproject\vendor\codeigniter4\framework\system\Database\BaseConnection.php(575): CodeIgniter\Database\BaseConnection->initialize()
#3 C:\myproject\vendor\codeigniter4\framework\system\Database\BaseBuilder.php(1616): CodeIgniter\Database\BaseConnection->query('SELECT *\nFROM `...', Array, false)
#4 C:\myproject\vendor\codeigniter4\framework\system\Model.php(271): CodeIgniter\Database\BaseBuilder->get()
#5 C:\myproject\vendor\codeigniter4\framework\system\BaseModel.php(676): CodeIgniter\Model->doFirst()
#6 C:\myproject\app\Controllers\Validate.php(20): CodeIgniter\BaseModel->first()
#7 C:\myproject\vendor\codeigniter4\framework\system\CodeIgniter.php(943): App\Controllers\Validate->login()
#8 C:\myproject\vendor\codeigniter4\framework\system\CodeIgniter.php(503): CodeIgniter\CodeIgniter->runController(Object(App\Controllers\Validate))
#9 C:\myproject\vendor\codeigniter4\framework\system\CodeIgniter.php(361): CodeIgniter\CodeIgniter->handleRequest(NULL, Object(Config\Cache), false)
#10 C:\myproject\public\index.php(79): CodeIgniter\CodeIgniter->run()
#11 C:\myproject\vendor\codeigniter4\framework\system\Commands\Server\rewrite.php(47): require_once('C:\\myproject\\pu...')
#12 {main}

Next CodeIgniter\Database\Exceptions\DatabaseException: No connection could be made because the target machine actively refused it in C:\myproject\vendor\codeigniter4\framework\system\Database\MySQLi\Connection.php:229
Stack trace:
#0 C:\myproject\vendor\codeigniter4\framework\system\Database\BaseConnection.php(392): CodeIgniter\Database\MySQLi\Connection->connect(false)
#1 C:\myproject\vendor\codeigniter4\framework\system\Database\BaseConnection.php(575): CodeIgniter\Database\BaseConnection->initialize()
#2 C:\myproject\vendor\codeigniter4\framework\system\Database\BaseBuilder.php(1616): CodeIgniter\Database\BaseConnection->query('SELECT *\nFROM `...', Array, false)
#3 C:\myproject\vendor\codeigniter4\framework\system\Model.php(271): CodeIgniter\Database\BaseBuilder->get()
#4 C:\myproject\vendor\codeigniter4\framework\system\BaseModel.php(676): CodeIgniter\Model->doFirst()
#5 C:\myproject\app\Controllers\Validate.php(20): CodeIgniter\BaseModel->first()
#6 C:\myproject\vendor\codeigniter4\framework\system\CodeIgniter.php(943): App\Controllers\Validate->login()
#7 C:\myproject\vendor\codeigniter4\framework\system\CodeIgniter.php(503): CodeIgniter\CodeIgniter->runController(Object(App\Controllers\Validate))
#8 C:\myproject\vendor\codeigniter4\framework\system\CodeIgniter.php(361): CodeIgniter\CodeIgniter->handleRequest(NULL, Object(Config\Cache), false)
#9 C:\myproject\public\index.php(79): CodeIgniter\CodeIgniter->run()
#10 C:\myproject\vendor\codeigniter4\framework\system\Commands\Server\rewrite.php(47): require_once('C:\\myproject\\pu...')
#11 {main}
CRITICAL - 2024-05-02 22:14:43 --> CodeIgniter\Database\Exceptions\DatabaseException: Unable to connect to the database.
Main connection [MySQLi]: No connection could be made because the target machine actively refused it
in SYSTEMPATH\Database\BaseConnection.php on line 428.
 1 SYSTEMPATH\Database\BaseConnection.php(575): CodeIgniter\Database\BaseConnection->initialize()
 2 SYSTEMPATH\Database\BaseBuilder.php(1616): CodeIgniter\Database\BaseConnection->query('SELECT *
FROM `developers`
WHERE `email` = :email:
AND `password` = :password:
 LIMIT 1', [...], false)
 3 SYSTEMPATH\Model.php(271): CodeIgniter\Database\BaseBuilder->get()
 4 SYSTEMPATH\BaseModel.php(676): CodeIgniter\Model->doFirst()
 5 APPPATH\Controllers\Validate.php(20): CodeIgniter\BaseModel->first()
 6 SYSTEMPATH\CodeIgniter.php(943): App\Controllers\Validate->login()
 7 SYSTEMPATH\CodeIgniter.php(503): CodeIgniter\CodeIgniter->runController(Object(App\Controllers\Validate))
 8 SYSTEMPATH\CodeIgniter.php(361): CodeIgniter\CodeIgniter->handleRequest(null, Object(Config\Cache), false)
 9 FCPATH\index.php(79): CodeIgniter\CodeIgniter->run()
10 SYSTEMPATH\Commands\Server\rewrite.php(47): require_once('C:\\myproject\\public\\index.php')
CRITICAL - 2024-05-02 23:27:10 --> ErrorException: Undefined variable $skills
in APPPATH\Views\content\developer_dashboard_content.php on line 17.
 1 APPPATH\Views\content\developer_dashboard_content.php(17): CodeIgniter\Debug\Exceptions->errorHandler(2, 'Undefined variable $skills', 'C:\\myproject\\app\\Views\\content\\developer_dashboard_content.php', 17)
 2 APPPATH\Views\base_developer.php(14): include('C:\\myproject\\app\\Views\\content\\developer_dashboard_content.php')
 3 APPPATH\Views\developer_dashboard.php(3): include('C:\\myproject\\app\\Views\\base_developer.php')
 4 SYSTEMPATH\View\View.php(228): include('C:\\myproject\\app\\Views\\developer_dashboard.php')
 5 SYSTEMPATH\View\View.php(231): CodeIgniter\View\View->CodeIgniter\View\{closure}()
 6 SYSTEMPATH\Common.php(1178): CodeIgniter\View\View->render('developer_dashboard', [], true)
 7 APPPATH\Controllers\DeveloperDashboard.php(25): view('developer_dashboard', [...])
 8 SYSTEMPATH\CodeIgniter.php(943): App\Controllers\DeveloperDashboard->index()
 9 SYSTEMPATH\CodeIgniter.php(503): CodeIgniter\CodeIgniter->runController(Object(App\Controllers\DeveloperDashboard))
10 SYSTEMPATH\CodeIgniter.php(361): CodeIgniter\CodeIgniter->handleRequest(null, Object(Config\Cache), false)
11 FCPATH\index.php(79): CodeIgniter\CodeIgniter->run()
12 SYSTEMPATH\Commands\Server\rewrite.php(47): require_once('C:\\myproject\\public\\index.php')
CRITICAL - 2024-05-02 23:35:23 --> Error: Class "App\Controllers\SkillsModel" not found
in APPPATH\Controllers\DeveloperDashboard.php on line 26.
 1 SYSTEMPATH\CodeIgniter.php(943): App\Controllers\DeveloperDashboard->index()
 2 SYSTEMPATH\CodeIgniter.php(503): CodeIgniter\CodeIgniter->runController(Object(App\Controllers\DeveloperDashboard))
 3 SYSTEMPATH\CodeIgniter.php(361): CodeIgniter\CodeIgniter->handleRequest(null, Object(Config\Cache), false)
 4 FCPATH\index.php(79): CodeIgniter\CodeIgniter->run()
 5 SYSTEMPATH\Commands\Server\rewrite.php(47): require_once('C:\\myproject\\public\\index.php')
CRITICAL - 2024-05-02 23:36:05 --> ErrorException: Undefined array key "name"
in APPPATH\Views\content\developer_dashboard_content.php on line 18.
 1 APPPATH\Views\content\developer_dashboard_content.php(18): CodeIgniter\Debug\Exceptions->errorHandler(2, 'Undefined array key "name"', 'C:\\myproject\\app\\Views\\content\\developer_dashboard_content.php', 18)
 2 APPPATH\Views\base_developer.php(14): include('C:\\myproject\\app\\Views\\content\\developer_dashboard_content.php')
 3 APPPATH\Views\developer_dashboard.php(3): include('C:\\myproject\\app\\Views\\base_developer.php')
 4 SYSTEMPATH\View\View.php(228): include('C:\\myproject\\app\\Views\\developer_dashboard.php')
 5 SYSTEMPATH\View\View.php(231): CodeIgniter\View\View->CodeIgniter\View\{closure}()
 6 SYSTEMPATH\Common.php(1178): CodeIgniter\View\View->render('developer_dashboard', [], true)
 7 APPPATH\Controllers\DeveloperDashboard.php(32): view('developer_dashboard', [...])
 8 SYSTEMPATH\CodeIgniter.php(943): App\Controllers\DeveloperDashboard->index()
 9 SYSTEMPATH\CodeIgniter.php(503): CodeIgniter\CodeIgniter->runController(Object(App\Controllers\DeveloperDashboard))
10 SYSTEMPATH\CodeIgniter.php(361): CodeIgniter\CodeIgniter->handleRequest(null, Object(Config\Cache), false)
11 FCPATH\index.php(79): CodeIgniter\CodeIgniter->run()
12 SYSTEMPATH\Commands\Server\rewrite.php(47): require_once('C:\\myproject\\public\\index.php')
