CRITICAL - 2024-04-04 01:14:02 --> ErrorException: include(home_content.php): Failed to open stream: No such file or directory
in APPPATH\Views\layout.php on line 13.
 1 APPPATH\Views\layout.php(13): CodeIgniter\Debug\Exceptions->errorHandler(2, 'include(home_content.php): Failed to open stream: No such file or directory', 'C:\\myproject\\app\\Views\\layout.php', 13)
 2 APPPATH\Views\layout.php(13): include()
 3 APPPATH\Views\home.php(3): include('C:\\myproject\\app\\Views\\layout.php')
 4 SYSTEMPATH\View\View.php(228): include('C:\\myproject\\app\\Views\\home.php')
 5 SYSTEMPATH\View\View.php(231): CodeIgniter\View\View->CodeIgniter\View\{closure}()
 6 SYSTEMPATH\Common.php(1178): CodeIgniter\View\View->render('home', [], true)
 7 APPPATH\Controllers\Home.php(9): view('home')
 8 SYSTEMPATH\CodeIgniter.php(943): App\Controllers\Home->index()
 9 SYSTEMPATH\CodeIgniter.php(503): CodeIgniter\CodeIgniter->runController(Object(App\Controllers\Home))
10 SYSTEMPATH\CodeIgniter.php(361): CodeIgniter\CodeIgniter->handleRequest(null, Object(Config\Cache), false)
11 FCPATH\index.php(79): CodeIgniter\CodeIgniter->run()
12 SYSTEMPATH\Commands\Server\rewrite.php(47): require_once('C:\\myproject\\public\\index.php')
CRITICAL - 2024-04-04 01:14:11 --> ErrorException: include(content/home_content): Failed to open stream: No such file or directory
in APPPATH\Views\layout.php on line 13.
 1 APPPATH\Views\layout.php(13): CodeIgniter\Debug\Exceptions->errorHandler(2, 'include(content/home_content): Failed to open stream: No such file or directory', 'C:\\myproject\\app\\Views\\layout.php', 13)
 2 APPPATH\Views\layout.php(13): include()
 3 APPPATH\Views\home.php(3): include('C:\\myproject\\app\\Views\\layout.php')
 4 SYSTEMPATH\View\View.php(228): include('C:\\myproject\\app\\Views\\home.php')
 5 SYSTEMPATH\View\View.php(231): CodeIgniter\View\View->CodeIgniter\View\{closure}()
 6 SYSTEMPATH\Common.php(1178): CodeIgniter\View\View->render('home', [], true)
 7 APPPATH\Controllers\Home.php(9): view('home')
 8 SYSTEMPATH\CodeIgniter.php(943): App\Controllers\Home->index()
 9 SYSTEMPATH\CodeIgniter.php(503): CodeIgniter\CodeIgniter->runController(Object(App\Controllers\Home))
10 SYSTEMPATH\CodeIgniter.php(361): CodeIgniter\CodeIgniter->handleRequest(null, Object(Config\Cache), false)
11 FCPATH\index.php(79): CodeIgniter\CodeIgniter->run()
12 SYSTEMPATH\Commands\Server\rewrite.php(47): require_once('C:\\myproject\\public\\index.php')
CRITICAL - 2024-04-04 01:35:20 --> ErrorException: include(header.php): Failed to open stream: No such file or directory
in APPPATH\Views\companies.php on line 13.
 1 APPPATH\Views\companies.php(13): CodeIgniter\Debug\Exceptions->errorHandler(2, 'include(header.php): Failed to open stream: No such file or directory', 'C:\\myproject\\app\\Views\\companies.php', 13)
 2 APPPATH\Views\companies.php(13): include()
 3 SYSTEMPATH\View\View.php(228): include('C:\\myproject\\app\\Views\\companies.php')
 4 SYSTEMPATH\View\View.php(231): CodeIgniter\View\View->CodeIgniter\View\{closure}()
 5 SYSTEMPATH\Common.php(1178): CodeIgniter\View\View->render('companies', [], true)
 6 APPPATH\Controllers\Companies.php(9): view('companies')
 7 SYSTEMPATH\CodeIgniter.php(943): App\Controllers\Companies->index()
 8 SYSTEMPATH\CodeIgniter.php(503): CodeIgniter\CodeIgniter->runController(Object(App\Controllers\Companies))
 9 SYSTEMPATH\CodeIgniter.php(361): CodeIgniter\CodeIgniter->handleRequest(null, Object(Config\Cache), false)
10 FCPATH\index.php(79): CodeIgniter\CodeIgniter->run()
11 SYSTEMPATH\Commands\Server\rewrite.php(47): require_once('C:\\myproject\\public\\index.php')
CRITICAL - 2024-04-04 01:35:40 --> ErrorException: include(header.php): Failed to open stream: No such file or directory
in APPPATH\Views\companies.php on line 13.
 1 APPPATH\Views\companies.php(13): CodeIgniter\Debug\Exceptions->errorHandler(2, 'include(header.php): Failed to open stream: No such file or directory', 'C:\\myproject\\app\\Views\\companies.php', 13)
 2 APPPATH\Views\companies.php(13): include()
 3 SYSTEMPATH\View\View.php(228): include('C:\\myproject\\app\\Views\\companies.php')
 4 SYSTEMPATH\View\View.php(231): CodeIgniter\View\View->CodeIgniter\View\{closure}()
 5 SYSTEMPATH\Common.php(1178): CodeIgniter\View\View->render('companies', [], true)
 6 APPPATH\Controllers\Companies.php(9): view('companies')
 7 SYSTEMPATH\CodeIgniter.php(943): App\Controllers\Companies->index()
 8 SYSTEMPATH\CodeIgniter.php(503): CodeIgniter\CodeIgniter->runController(Object(App\Controllers\Companies))
 9 SYSTEMPATH\CodeIgniter.php(361): CodeIgniter\CodeIgniter->handleRequest(null, Object(Config\Cache), false)
10 FCPATH\index.php(79): CodeIgniter\CodeIgniter->run()
11 SYSTEMPATH\Commands\Server\rewrite.php(47): require_once('C:\\myproject\\public\\index.php')
CRITICAL - 2024-04-04 01:35:40 --> ErrorException: include(header.php): Failed to open stream: No such file or directory
in APPPATH\Views\developers.php on line 11.
 1 APPPATH\Views\developers.php(11): CodeIgniter\Debug\Exceptions->errorHandler(2, 'include(header.php): Failed to open stream: No such file or directory', 'C:\\myproject\\app\\Views\\developers.php', 11)
 2 APPPATH\Views\developers.php(11): include()
 3 SYSTEMPATH\View\View.php(228): include('C:\\myproject\\app\\Views\\developers.php')
 4 SYSTEMPATH\View\View.php(231): CodeIgniter\View\View->CodeIgniter\View\{closure}()
 5 SYSTEMPATH\Common.php(1178): CodeIgniter\View\View->render('developers', [], true)
 6 APPPATH\Controllers\Developers.php(9): view('developers')
 7 SYSTEMPATH\CodeIgniter.php(943): App\Controllers\Developers->index()
 8 SYSTEMPATH\CodeIgniter.php(503): CodeIgniter\CodeIgniter->runController(Object(App\Controllers\Developers))
 9 SYSTEMPATH\CodeIgniter.php(361): CodeIgniter\CodeIgniter->handleRequest(null, Object(Config\Cache), false)
10 FCPATH\index.php(79): CodeIgniter\CodeIgniter->run()
11 SYSTEMPATH\Commands\Server\rewrite.php(47): require_once('C:\\myproject\\public\\index.php')
CRITICAL - 2024-04-04 01:35:43 --> ErrorException: include(content/home_content.php): Failed to open stream: No such file or directory
in APPPATH\Views\templates\base.php on line 14.
 1 APPPATH\Views\templates\base.php(14): CodeIgniter\Debug\Exceptions->errorHandler(2, 'include(content/home_content.php): Failed to open stream: No such file or directory', 'C:\\myproject\\app\\Views\\templates\\base.php', 14)
 2 APPPATH\Views\templates\base.php(14): include()
 3 APPPATH\Views\home.php(3): include('C:\\myproject\\app\\Views\\templates\\base.php')
 4 SYSTEMPATH\View\View.php(228): include('C:\\myproject\\app\\Views\\home.php')
 5 SYSTEMPATH\View\View.php(231): CodeIgniter\View\View->CodeIgniter\View\{closure}()
 6 SYSTEMPATH\Common.php(1178): CodeIgniter\View\View->render('home', [], true)
 7 APPPATH\Controllers\Home.php(9): view('home')
 8 SYSTEMPATH\CodeIgniter.php(943): App\Controllers\Home->index()
 9 SYSTEMPATH\CodeIgniter.php(503): CodeIgniter\CodeIgniter->runController(Object(App\Controllers\Home))
10 SYSTEMPATH\CodeIgniter.php(361): CodeIgniter\CodeIgniter->handleRequest(null, Object(Config\Cache), false)
11 FCPATH\index.php(79): CodeIgniter\CodeIgniter->run()
12 SYSTEMPATH\Commands\Server\rewrite.php(47): require_once('C:\\myproject\\public\\index.php')
CRITICAL - 2024-04-04 01:35:44 --> ErrorException: include(content/home_content.php): Failed to open stream: No such file or directory
in APPPATH\Views\templates\base.php on line 14.
 1 APPPATH\Views\templates\base.php(14): CodeIgniter\Debug\Exceptions->errorHandler(2, 'include(content/home_content.php): Failed to open stream: No such file or directory', 'C:\\myproject\\app\\Views\\templates\\base.php', 14)
 2 APPPATH\Views\templates\base.php(14): include()
 3 APPPATH\Views\home.php(3): include('C:\\myproject\\app\\Views\\templates\\base.php')
 4 SYSTEMPATH\View\View.php(228): include('C:\\myproject\\app\\Views\\home.php')
 5 SYSTEMPATH\View\View.php(231): CodeIgniter\View\View->CodeIgniter\View\{closure}()
 6 SYSTEMPATH\Common.php(1178): CodeIgniter\View\View->render('home', [], true)
 7 APPPATH\Controllers\Home.php(9): view('home')
 8 SYSTEMPATH\CodeIgniter.php(943): App\Controllers\Home->index()
 9 SYSTEMPATH\CodeIgniter.php(503): CodeIgniter\CodeIgniter->runController(Object(App\Controllers\Home))
10 SYSTEMPATH\CodeIgniter.php(361): CodeIgniter\CodeIgniter->handleRequest(null, Object(Config\Cache), false)
11 FCPATH\index.php(79): CodeIgniter\CodeIgniter->run()
12 SYSTEMPATH\Commands\Server\rewrite.php(47): require_once('C:\\myproject\\public\\index.php')
CRITICAL - 2024-04-04 01:35:48 --> ErrorException: include(content/home_content.php): Failed to open stream: No such file or directory
in APPPATH\Views\templates\base.php on line 14.
 1 APPPATH\Views\templates\base.php(14): CodeIgniter\Debug\Exceptions->errorHandler(2, 'include(content/home_content.php): Failed to open stream: No such file or directory', 'C:\\myproject\\app\\Views\\templates\\base.php', 14)
 2 APPPATH\Views\templates\base.php(14): include()
 3 APPPATH\Views\home.php(3): include('C:\\myproject\\app\\Views\\templates\\base.php')
 4 SYSTEMPATH\View\View.php(228): include('C:\\myproject\\app\\Views\\home.php')
 5 SYSTEMPATH\View\View.php(231): CodeIgniter\View\View->CodeIgniter\View\{closure}()
 6 SYSTEMPATH\Common.php(1178): CodeIgniter\View\View->render('home', [], true)
 7 APPPATH\Controllers\Home.php(9): view('home')
 8 SYSTEMPATH\CodeIgniter.php(943): App\Controllers\Home->index()
 9 SYSTEMPATH\CodeIgniter.php(503): CodeIgniter\CodeIgniter->runController(Object(App\Controllers\Home))
10 SYSTEMPATH\CodeIgniter.php(361): CodeIgniter\CodeIgniter->handleRequest(null, Object(Config\Cache), false)
11 FCPATH\index.php(79): CodeIgniter\CodeIgniter->run()
12 SYSTEMPATH\Commands\Server\rewrite.php(47): require_once('C:\\myproject\\public\\index.php')
CRITICAL - 2024-04-04 01:36:19 --> ErrorException: include(base.php): Failed to open stream: No such file or directory
in APPPATH\Views\home.php on line 3.
 1 APPPATH\Views\home.php(3): CodeIgniter\Debug\Exceptions->errorHandler(2, 'include(base.php): Failed to open stream: No such file or directory', 'C:\\myproject\\app\\Views\\home.php', 3)
 2 APPPATH\Views\home.php(3): include()
 3 SYSTEMPATH\View\View.php(228): include('C:\\myproject\\app\\Views\\home.php')
 4 SYSTEMPATH\View\View.php(231): CodeIgniter\View\View->CodeIgniter\View\{closure}()
 5 SYSTEMPATH\Common.php(1178): CodeIgniter\View\View->render('home', [], true)
 6 APPPATH\Controllers\Home.php(9): view('home')
 7 SYSTEMPATH\CodeIgniter.php(943): App\Controllers\Home->index()
 8 SYSTEMPATH\CodeIgniter.php(503): CodeIgniter\CodeIgniter->runController(Object(App\Controllers\Home))
 9 SYSTEMPATH\CodeIgniter.php(361): CodeIgniter\CodeIgniter->handleRequest(null, Object(Config\Cache), false)
10 FCPATH\index.php(79): CodeIgniter\CodeIgniter->run()
11 SYSTEMPATH\Commands\Server\rewrite.php(47): require_once('C:\\myproject\\public\\index.php')
CRITICAL - 2024-04-04 01:36:48 --> ErrorException: include(base.php): Failed to open stream: No such file or directory
in APPPATH\Views\home.php on line 3.
 1 APPPATH\Views\home.php(3): CodeIgniter\Debug\Exceptions->errorHandler(2, 'include(base.php): Failed to open stream: No such file or directory', 'C:\\myproject\\app\\Views\\home.php', 3)
 2 APPPATH\Views\home.php(3): include()
 3 SYSTEMPATH\View\View.php(228): include('C:\\myproject\\app\\Views\\home.php')
 4 SYSTEMPATH\View\View.php(231): CodeIgniter\View\View->CodeIgniter\View\{closure}()
 5 SYSTEMPATH\Common.php(1178): CodeIgniter\View\View->render('home', [], true)
 6 APPPATH\Controllers\Home.php(9): view('home')
 7 SYSTEMPATH\CodeIgniter.php(943): App\Controllers\Home->index()
 8 SYSTEMPATH\CodeIgniter.php(503): CodeIgniter\CodeIgniter->runController(Object(App\Controllers\Home))
 9 SYSTEMPATH\CodeIgniter.php(361): CodeIgniter\CodeIgniter->handleRequest(null, Object(Config\Cache), false)
10 FCPATH\index.php(79): CodeIgniter\CodeIgniter->run()
11 SYSTEMPATH\Commands\Server\rewrite.php(47): require_once('C:\\myproject\\public\\index.php')
CRITICAL - 2024-04-04 01:37:28 --> ErrorException: include(base.php): Failed to open stream: No such file or directory
in APPPATH\Views\home.php on line 3.
 1 APPPATH\Views\home.php(3): CodeIgniter\Debug\Exceptions->errorHandler(2, 'include(base.php): Failed to open stream: No such file or directory', 'C:\\myproject\\app\\Views\\home.php', 3)
 2 APPPATH\Views\home.php(3): include()
 3 SYSTEMPATH\View\View.php(228): include('C:\\myproject\\app\\Views\\home.php')
 4 SYSTEMPATH\View\View.php(231): CodeIgniter\View\View->CodeIgniter\View\{closure}()
 5 SYSTEMPATH\Common.php(1178): CodeIgniter\View\View->render('home', [], true)
 6 APPPATH\Controllers\Home.php(9): view('home')
 7 SYSTEMPATH\CodeIgniter.php(943): App\Controllers\Home->index()
 8 SYSTEMPATH\CodeIgniter.php(503): CodeIgniter\CodeIgniter->runController(Object(App\Controllers\Home))
 9 SYSTEMPATH\CodeIgniter.php(361): CodeIgniter\CodeIgniter->handleRequest(null, Object(Config\Cache), false)
10 FCPATH\index.php(79): CodeIgniter\CodeIgniter->run()
11 SYSTEMPATH\Commands\Server\rewrite.php(47): require_once('C:\\myproject\\public\\index.php')
CRITICAL - 2024-04-04 01:37:43 --> ErrorException: include(base.php): Failed to open stream: No such file or directory
in APPPATH\Views\home.php on line 3.
 1 APPPATH\Views\home.php(3): CodeIgniter\Debug\Exceptions->errorHandler(2, 'include(base.php): Failed to open stream: No such file or directory', 'C:\\myproject\\app\\Views\\home.php', 3)
 2 APPPATH\Views\home.php(3): include()
 3 SYSTEMPATH\View\View.php(228): include('C:\\myproject\\app\\Views\\home.php')
 4 SYSTEMPATH\View\View.php(231): CodeIgniter\View\View->CodeIgniter\View\{closure}()
 5 SYSTEMPATH\Common.php(1178): CodeIgniter\View\View->render('home', [], true)
 6 APPPATH\Controllers\Home.php(9): view('home')
 7 SYSTEMPATH\CodeIgniter.php(943): App\Controllers\Home->index()
 8 SYSTEMPATH\CodeIgniter.php(503): CodeIgniter\CodeIgniter->runController(Object(App\Controllers\Home))
 9 SYSTEMPATH\CodeIgniter.php(361): CodeIgniter\CodeIgniter->handleRequest(null, Object(Config\Cache), false)
10 FCPATH\index.php(79): CodeIgniter\CodeIgniter->run()
11 SYSTEMPATH\Commands\Server\rewrite.php(47): require_once('C:\\myproject\\public\\index.php')
CRITICAL - 2024-04-04 01:38:43 --> ErrorException: include(home_content.php): Failed to open stream: No such file or directory
in APPPATH\Views\base.php on line 14.
 1 APPPATH\Views\base.php(14): CodeIgniter\Debug\Exceptions->errorHandler(2, 'include(home_content.php): Failed to open stream: No such file or directory', 'C:\\myproject\\app\\Views\\base.php', 14)
 2 APPPATH\Views\base.php(14): include()
 3 APPPATH\Views\home.php(3): include('C:\\myproject\\app\\Views\\base.php')
 4 SYSTEMPATH\View\View.php(228): include('C:\\myproject\\app\\Views\\home.php')
 5 SYSTEMPATH\View\View.php(231): CodeIgniter\View\View->CodeIgniter\View\{closure}()
 6 SYSTEMPATH\Common.php(1178): CodeIgniter\View\View->render('home', [], true)
 7 APPPATH\Controllers\Home.php(9): view('home')
 8 SYSTEMPATH\CodeIgniter.php(943): App\Controllers\Home->index()
 9 SYSTEMPATH\CodeIgniter.php(503): CodeIgniter\CodeIgniter->runController(Object(App\Controllers\Home))
10 SYSTEMPATH\CodeIgniter.php(361): CodeIgniter\CodeIgniter->handleRequest(null, Object(Config\Cache), false)
11 FCPATH\index.php(79): CodeIgniter\CodeIgniter->run()
12 SYSTEMPATH\Commands\Server\rewrite.php(47): require_once('C:\\myproject\\public\\index.php')
CRITICAL - 2024-04-04 01:38:45 --> ErrorException: include(home_content.php): Failed to open stream: No such file or directory
in APPPATH\Views\base.php on line 14.
 1 APPPATH\Views\base.php(14): CodeIgniter\Debug\Exceptions->errorHandler(2, 'include(home_content.php): Failed to open stream: No such file or directory', 'C:\\myproject\\app\\Views\\base.php', 14)
 2 APPPATH\Views\base.php(14): include()
 3 APPPATH\Views\home.php(3): include('C:\\myproject\\app\\Views\\base.php')
 4 SYSTEMPATH\View\View.php(228): include('C:\\myproject\\app\\Views\\home.php')
 5 SYSTEMPATH\View\View.php(231): CodeIgniter\View\View->CodeIgniter\View\{closure}()
 6 SYSTEMPATH\Common.php(1178): CodeIgniter\View\View->render('home', [], true)
 7 APPPATH\Controllers\Home.php(9): view('home')
 8 SYSTEMPATH\CodeIgniter.php(943): App\Controllers\Home->index()
 9 SYSTEMPATH\CodeIgniter.php(503): CodeIgniter\CodeIgniter->runController(Object(App\Controllers\Home))
10 SYSTEMPATH\CodeIgniter.php(361): CodeIgniter\CodeIgniter->handleRequest(null, Object(Config\Cache), false)
11 FCPATH\index.php(79): CodeIgniter\CodeIgniter->run()
12 SYSTEMPATH\Commands\Server\rewrite.php(47): require_once('C:\\myproject\\public\\index.php')
CRITICAL - 2024-04-04 01:39:01 --> ErrorException: include(home_content.php): Failed to open stream: No such file or directory
in APPPATH\Views\base.php on line 14.
 1 APPPATH\Views\base.php(14): CodeIgniter\Debug\Exceptions->errorHandler(2, 'include(home_content.php): Failed to open stream: No such file or directory', 'C:\\myproject\\app\\Views\\base.php', 14)
 2 APPPATH\Views\base.php(14): include()
 3 APPPATH\Views\home.php(3): include('C:\\myproject\\app\\Views\\base.php')
 4 SYSTEMPATH\View\View.php(228): include('C:\\myproject\\app\\Views\\home.php')
 5 SYSTEMPATH\View\View.php(231): CodeIgniter\View\View->CodeIgniter\View\{closure}()
 6 SYSTEMPATH\Common.php(1178): CodeIgniter\View\View->render('home', [], true)
 7 APPPATH\Controllers\Home.php(9): view('home')
 8 SYSTEMPATH\CodeIgniter.php(943): App\Controllers\Home->index()
 9 SYSTEMPATH\CodeIgniter.php(503): CodeIgniter\CodeIgniter->runController(Object(App\Controllers\Home))
10 SYSTEMPATH\CodeIgniter.php(361): CodeIgniter\CodeIgniter->handleRequest(null, Object(Config\Cache), false)
11 FCPATH\index.php(79): CodeIgniter\CodeIgniter->run()
12 SYSTEMPATH\Commands\Server\rewrite.php(47): require_once('C:\\myproject\\public\\index.php')
CRITICAL - 2024-04-04 07:42:34 --> CodeIgniter\View\Exceptions\ViewException: Invalid file: "companies.php"
in SYSTEMPATH\Exceptions\FrameworkException.php on line 39.
 1 SYSTEMPATH\View\View.php(216): CodeIgniter\Exceptions\FrameworkException::forInvalidFile('companies.php')
 2 SYSTEMPATH\Common.php(1178): CodeIgniter\View\View->render('companies', [], true)
 3 APPPATH\Controllers\Companies.php(9): view('companies')
 4 SYSTEMPATH\CodeIgniter.php(943): App\Controllers\Companies->index()
 5 SYSTEMPATH\CodeIgniter.php(503): CodeIgniter\CodeIgniter->runController(Object(App\Controllers\Companies))
 6 SYSTEMPATH\CodeIgniter.php(361): CodeIgniter\CodeIgniter->handleRequest(null, Object(Config\Cache), false)
 7 FCPATH\index.php(79): CodeIgniter\CodeIgniter->run()
 8 SYSTEMPATH\Commands\Server\rewrite.php(47): require_once('C:\\myproject\\public\\index.php')
