ERROR - 2024-05-17 05:24:43 --> Error connecting to the database: mysqli_sql_exception: No connection could be made because the target machine actively refused it in C:\myproject\vendor\codeigniter4\framework\system\Database\MySQLi\Connection.php:184
Stack trace:
#0 C:\myproject\vendor\codeigniter4\framework\system\Database\MySQLi\Connection.php(184): mysqli->real_connect('localhost', 'root', Object(SensitiveParameterValue), 'devaway_databas...', 3306, '', 0)
#1 C:\myproject\vendor\codeigniter4\framework\system\Database\BaseConnection.php(392): CodeIgniter\Database\MySQLi\Connection->connect(false)
#2 C:\myproject\vendor\codeigniter4\framework\system\Database\BaseConnection.php(575): CodeIgniter\Database\BaseConnection->initialize()
#3 C:\myproject\vendor\codeigniter4\framework\system\Database\BaseBuilder.php(1616): CodeIgniter\Database\BaseConnection->query('SELECT *\nFROM `...', Array, false)
#4 C:\myproject\vendor\codeigniter4\framework\system\Model.php(243): CodeIgniter\Database\BaseBuilder->get()
#5 C:\myproject\vendor\codeigniter4\framework\system\BaseModel.php(638): CodeIgniter\Model->doFindAll(0, 0)
#6 C:\myproject\app\Controllers\Talent.php(134): CodeIgniter\BaseModel->findAll()
#7 C:\myproject\vendor\codeigniter4\framework\system\CodeIgniter.php(943): App\Controllers\Talent->searchTalent()
#8 C:\myproject\vendor\codeigniter4\framework\system\CodeIgniter.php(503): CodeIgniter\CodeIgniter->runController(Object(App\Controllers\Talent))
#9 C:\myproject\vendor\codeigniter4\framework\system\CodeIgniter.php(361): CodeIgniter\CodeIgniter->handleRequest(NULL, Object(Config\Cache), false)
#10 C:\myproject\public\index.php(79): CodeIgniter\CodeIgniter->run()
#11 C:\myproject\vendor\codeigniter4\framework\system\Commands\Server\rewrite.php(47): require_once('C:\\myproject\\pu...')
#12 {main}

Next CodeIgniter\Database\Exceptions\DatabaseException: No connection could be made because the target machine actively refused it in C:\myproject\vendor\codeigniter4\framework\system\Database\MySQLi\Connection.php:229
Stack trace:
#0 C:\myproject\vendor\codeigniter4\framework\system\Database\BaseConnection.php(392): CodeIgniter\Database\MySQLi\Connection->connect(false)
#1 C:\myproject\vendor\codeigniter4\framework\system\Database\BaseConnection.php(575): CodeIgniter\Database\BaseConnection->initialize()
#2 C:\myproject\vendor\codeigniter4\framework\system\Database\BaseBuilder.php(1616): CodeIgniter\Database\BaseConnection->query('SELECT *\nFROM `...', Array, false)
#3 C:\myproject\vendor\codeigniter4\framework\system\Model.php(243): CodeIgniter\Database\BaseBuilder->get()
#4 C:\myproject\vendor\codeigniter4\framework\system\BaseModel.php(638): CodeIgniter\Model->doFindAll(0, 0)
#5 C:\myproject\app\Controllers\Talent.php(134): CodeIgniter\BaseModel->findAll()
#6 C:\myproject\vendor\codeigniter4\framework\system\CodeIgniter.php(943): App\Controllers\Talent->searchTalent()
#7 C:\myproject\vendor\codeigniter4\framework\system\CodeIgniter.php(503): CodeIgniter\CodeIgniter->runController(Object(App\Controllers\Talent))
#8 C:\myproject\vendor\codeigniter4\framework\system\CodeIgniter.php(361): CodeIgniter\CodeIgniter->handleRequest(NULL, Object(Config\Cache), false)
#9 C:\myproject\public\index.php(79): CodeIgniter\CodeIgniter->run()
#10 C:\myproject\vendor\codeigniter4\framework\system\Commands\Server\rewrite.php(47): require_once('C:\\myproject\\pu...')
#11 {main}
CRITICAL - 2024-05-17 05:24:43 --> CodeIgniter\Database\Exceptions\DatabaseException: Unable to connect to the database.
Main connection [MySQLi]: No connection could be made because the target machine actively refused it
in SYSTEMPATH\Database\BaseConnection.php on line 428.
 1 SYSTEMPATH\Database\BaseConnection.php(575): CodeIgniter\Database\BaseConnection->initialize()
 2 SYSTEMPATH\Database\BaseBuilder.php(1616): CodeIgniter\Database\BaseConnection->query('SELECT *
FROM `developers`', [], false)
 3 SYSTEMPATH\Model.php(243): CodeIgniter\Database\BaseBuilder->get()
 4 SYSTEMPATH\BaseModel.php(638): CodeIgniter\Model->doFindAll(0, 0)
 5 APPPATH\Controllers\Talent.php(134): CodeIgniter\BaseModel->findAll()
 6 SYSTEMPATH\CodeIgniter.php(943): App\Controllers\Talent->searchTalent()
 7 SYSTEMPATH\CodeIgniter.php(503): CodeIgniter\CodeIgniter->runController(Object(App\Controllers\Talent))
 8 SYSTEMPATH\CodeIgniter.php(361): CodeIgniter\CodeIgniter->handleRequest(null, Object(Config\Cache), false)
 9 FCPATH\index.php(79): CodeIgniter\CodeIgniter->run()
10 SYSTEMPATH\Commands\Server\rewrite.php(47): require_once('C:\\myproject\\public\\index.php')
