CRITICAL - 2024-04-05 05:12:01 --> CodeIgniter\View\Exceptions\ViewException: Invalid file: "signup.php"
in SYSTEMPATH\Exceptions\FrameworkException.php on line 39.
 1 SYSTEMPATH\View\View.php(216): CodeIgniter\Exceptions\FrameworkException::forInvalidFile('signup.php')
 2 SYSTEMPATH\Common.php(1178): CodeIgniter\View\View->render('signup', [], true)
 3 APPPATH\Controllers\Signup.php(9): view('signup')
 4 SYSTEMPATH\CodeIgniter.php(943): App\Controllers\Signup->index()
 5 SYSTEMPATH\CodeIgniter.php(503): CodeIgniter\CodeIgniter->runController(Object(App\Controllers\Signup))
 6 SYSTEMPATH\CodeIgniter.php(361): CodeIgniter\CodeIgniter->handleRequest(null, Object(Config\Cache), false)
 7 FCPATH\index.php(79): CodeIgniter\CodeIgniter->run()
 8 SYSTEMPATH\Commands\Server\rewrite.php(47): require_once('C:\\myproject\\public\\index.php')
CRITICAL - 2024-04-05 10:36:40 --> ValueError: Path cannot be empty
in APPPATH\Views\base.php on line 15.
 1 APPPATH\Views\how.php(3): include()
 2 SYSTEMPATH\View\View.php(228): include('C:\\myproject\\app\\Views\\how.php')
 3 SYSTEMPATH\View\View.php(231): CodeIgniter\View\View->CodeIgniter\View\{closure}()
 4 SYSTEMPATH\Common.php(1178): CodeIgniter\View\View->render('how', [], true)
 5 APPPATH\Controllers\How.php(9): view('how')
 6 SYSTEMPATH\CodeIgniter.php(943): App\Controllers\How->index()
 7 SYSTEMPATH\CodeIgniter.php(503): CodeIgniter\CodeIgniter->runController(Object(App\Controllers\How))
 8 SYSTEMPATH\CodeIgniter.php(361): CodeIgniter\CodeIgniter->handleRequest(null, Object(Config\Cache), false)
 9 FCPATH\index.php(79): CodeIgniter\CodeIgniter->run()
10 SYSTEMPATH\Commands\Server\rewrite.php(47): require_once('C:\\myproject\\public\\index.php')
CRITICAL - 2024-04-05 10:36:40 --> [Caused by] ErrorException: Undefined variable $Content
in APPPATH\Views\base.php on line 15.
 1 APPPATH\Views\base.php(15): CodeIgniter\Debug\Exceptions->errorHandler(2, 'Undefined variable $Content', 'C:\\myproject\\app\\Views\\base.php', 15)
 2 APPPATH\Views\base.php(15): include()
 3 APPPATH\Views\how.php(3): include('C:\\myproject\\app\\Views\\base.php')
 4 SYSTEMPATH\View\View.php(228): include('C:\\myproject\\app\\Views\\how.php')
 5 SYSTEMPATH\View\View.php(231): CodeIgniter\View\View->CodeIgniter\View\{closure}()
 6 SYSTEMPATH\Common.php(1178): CodeIgniter\View\View->render('how', [], true)
 7 APPPATH\Controllers\How.php(9): view('how')
 8 SYSTEMPATH\CodeIgniter.php(943): App\Controllers\How->index()
 9 SYSTEMPATH\CodeIgniter.php(503): CodeIgniter\CodeIgniter->runController(Object(App\Controllers\How))
10 SYSTEMPATH\CodeIgniter.php(361): CodeIgniter\CodeIgniter->handleRequest(null, Object(Config\Cache), false)
11 FCPATH\index.php(79): CodeIgniter\CodeIgniter->run()
12 SYSTEMPATH\Commands\Server\rewrite.php(47): require_once('C:\\myproject\\public\\index.php')
CRITICAL - 2024-04-05 10:37:19 --> ErrorException: include(header): Failed to open stream: No such file or directory
in APPPATH\Views\base.php on line 12.
 1 APPPATH\Views\base.php(12): CodeIgniter\Debug\Exceptions->errorHandler(2, 'include(header): Failed to open stream: No such file or directory', 'C:\\myproject\\app\\Views\\base.php', 12)
 2 APPPATH\Views\base.php(12): include()
 3 APPPATH\Views\how.php(3): include('C:\\myproject\\app\\Views\\base.php')
 4 SYSTEMPATH\View\View.php(228): include('C:\\myproject\\app\\Views\\how.php')
 5 SYSTEMPATH\View\View.php(231): CodeIgniter\View\View->CodeIgniter\View\{closure}()
 6 SYSTEMPATH\Common.php(1178): CodeIgniter\View\View->render('how', [], true)
 7 APPPATH\Controllers\How.php(9): view('how')
 8 SYSTEMPATH\CodeIgniter.php(943): App\Controllers\How->index()
 9 SYSTEMPATH\CodeIgniter.php(503): CodeIgniter\CodeIgniter->runController(Object(App\Controllers\How))
10 SYSTEMPATH\CodeIgniter.php(361): CodeIgniter\CodeIgniter->handleRequest(null, Object(Config\Cache), false)
11 FCPATH\index.php(79): CodeIgniter\CodeIgniter->run()
12 SYSTEMPATH\Commands\Server\rewrite.php(47): require_once('C:\\myproject\\public\\index.php')
CRITICAL - 2024-04-05 10:37:20 --> ErrorException: include(header): Failed to open stream: No such file or directory
in APPPATH\Views\base.php on line 12.
 1 APPPATH\Views\base.php(12): CodeIgniter\Debug\Exceptions->errorHandler(2, 'include(header): Failed to open stream: No such file or directory', 'C:\\myproject\\app\\Views\\base.php', 12)
 2 APPPATH\Views\base.php(12): include()
 3 APPPATH\Views\how.php(3): include('C:\\myproject\\app\\Views\\base.php')
 4 SYSTEMPATH\View\View.php(228): include('C:\\myproject\\app\\Views\\how.php')
 5 SYSTEMPATH\View\View.php(231): CodeIgniter\View\View->CodeIgniter\View\{closure}()
 6 SYSTEMPATH\Common.php(1178): CodeIgniter\View\View->render('how', [], true)
 7 APPPATH\Controllers\How.php(9): view('how')
 8 SYSTEMPATH\CodeIgniter.php(943): App\Controllers\How->index()
 9 SYSTEMPATH\CodeIgniter.php(503): CodeIgniter\CodeIgniter->runController(Object(App\Controllers\How))
10 SYSTEMPATH\CodeIgniter.php(361): CodeIgniter\CodeIgniter->handleRequest(null, Object(Config\Cache), false)
11 FCPATH\index.php(79): CodeIgniter\CodeIgniter->run()
12 SYSTEMPATH\Commands\Server\rewrite.php(47): require_once('C:\\myproject\\public\\index.php')
CRITICAL - 2024-04-05 10:37:20 --> ErrorException: include(header): Failed to open stream: No such file or directory
in APPPATH\Views\base.php on line 12.
 1 APPPATH\Views\base.php(12): CodeIgniter\Debug\Exceptions->errorHandler(2, 'include(header): Failed to open stream: No such file or directory', 'C:\\myproject\\app\\Views\\base.php', 12)
 2 APPPATH\Views\base.php(12): include()
 3 APPPATH\Views\how.php(3): include('C:\\myproject\\app\\Views\\base.php')
 4 SYSTEMPATH\View\View.php(228): include('C:\\myproject\\app\\Views\\how.php')
 5 SYSTEMPATH\View\View.php(231): CodeIgniter\View\View->CodeIgniter\View\{closure}()
 6 SYSTEMPATH\Common.php(1178): CodeIgniter\View\View->render('how', [], true)
 7 APPPATH\Controllers\How.php(9): view('how')
 8 SYSTEMPATH\CodeIgniter.php(943): App\Controllers\How->index()
 9 SYSTEMPATH\CodeIgniter.php(503): CodeIgniter\CodeIgniter->runController(Object(App\Controllers\How))
10 SYSTEMPATH\CodeIgniter.php(361): CodeIgniter\CodeIgniter->handleRequest(null, Object(Config\Cache), false)
11 FCPATH\index.php(79): CodeIgniter\CodeIgniter->run()
12 SYSTEMPATH\Commands\Server\rewrite.php(47): require_once('C:\\myproject\\public\\index.php')
CRITICAL - 2024-04-05 10:37:20 --> ErrorException: include(header): Failed to open stream: No such file or directory
in APPPATH\Views\base.php on line 12.
 1 APPPATH\Views\base.php(12): CodeIgniter\Debug\Exceptions->errorHandler(2, 'include(header): Failed to open stream: No such file or directory', 'C:\\myproject\\app\\Views\\base.php', 12)
 2 APPPATH\Views\base.php(12): include()
 3 APPPATH\Views\how.php(3): include('C:\\myproject\\app\\Views\\base.php')
 4 SYSTEMPATH\View\View.php(228): include('C:\\myproject\\app\\Views\\how.php')
 5 SYSTEMPATH\View\View.php(231): CodeIgniter\View\View->CodeIgniter\View\{closure}()
 6 SYSTEMPATH\Common.php(1178): CodeIgniter\View\View->render('how', [], true)
 7 APPPATH\Controllers\How.php(9): view('how')
 8 SYSTEMPATH\CodeIgniter.php(943): App\Controllers\How->index()
 9 SYSTEMPATH\CodeIgniter.php(503): CodeIgniter\CodeIgniter->runController(Object(App\Controllers\How))
10 SYSTEMPATH\CodeIgniter.php(361): CodeIgniter\CodeIgniter->handleRequest(null, Object(Config\Cache), false)
11 FCPATH\index.php(79): CodeIgniter\CodeIgniter->run()
12 SYSTEMPATH\Commands\Server\rewrite.php(47): require_once('C:\\myproject\\public\\index.php')
CRITICAL - 2024-04-05 10:37:21 --> ErrorException: include(header): Failed to open stream: No such file or directory
in APPPATH\Views\base.php on line 12.
 1 APPPATH\Views\base.php(12): CodeIgniter\Debug\Exceptions->errorHandler(2, 'include(header): Failed to open stream: No such file or directory', 'C:\\myproject\\app\\Views\\base.php', 12)
 2 APPPATH\Views\base.php(12): include()
 3 APPPATH\Views\how.php(3): include('C:\\myproject\\app\\Views\\base.php')
 4 SYSTEMPATH\View\View.php(228): include('C:\\myproject\\app\\Views\\how.php')
 5 SYSTEMPATH\View\View.php(231): CodeIgniter\View\View->CodeIgniter\View\{closure}()
 6 SYSTEMPATH\Common.php(1178): CodeIgniter\View\View->render('how', [], true)
 7 APPPATH\Controllers\How.php(9): view('how')
 8 SYSTEMPATH\CodeIgniter.php(943): App\Controllers\How->index()
 9 SYSTEMPATH\CodeIgniter.php(503): CodeIgniter\CodeIgniter->runController(Object(App\Controllers\How))
10 SYSTEMPATH\CodeIgniter.php(361): CodeIgniter\CodeIgniter->handleRequest(null, Object(Config\Cache), false)
11 FCPATH\index.php(79): CodeIgniter\CodeIgniter->run()
12 SYSTEMPATH\Commands\Server\rewrite.php(47): require_once('C:\\myproject\\public\\index.php')
CRITICAL - 2024-04-05 10:37:21 --> ErrorException: include(header): Failed to open stream: No such file or directory
in APPPATH\Views\base.php on line 12.
 1 APPPATH\Views\base.php(12): CodeIgniter\Debug\Exceptions->errorHandler(2, 'include(header): Failed to open stream: No such file or directory', 'C:\\myproject\\app\\Views\\base.php', 12)
 2 APPPATH\Views\base.php(12): include()
 3 APPPATH\Views\how.php(3): include('C:\\myproject\\app\\Views\\base.php')
 4 SYSTEMPATH\View\View.php(228): include('C:\\myproject\\app\\Views\\how.php')
 5 SYSTEMPATH\View\View.php(231): CodeIgniter\View\View->CodeIgniter\View\{closure}()
 6 SYSTEMPATH\Common.php(1178): CodeIgniter\View\View->render('how', [], true)
 7 APPPATH\Controllers\How.php(9): view('how')
 8 SYSTEMPATH\CodeIgniter.php(943): App\Controllers\How->index()
 9 SYSTEMPATH\CodeIgniter.php(503): CodeIgniter\CodeIgniter->runController(Object(App\Controllers\How))
10 SYSTEMPATH\CodeIgniter.php(361): CodeIgniter\CodeIgniter->handleRequest(null, Object(Config\Cache), false)
11 FCPATH\index.php(79): CodeIgniter\CodeIgniter->run()
12 SYSTEMPATH\Commands\Server\rewrite.php(47): require_once('C:\\myproject\\public\\index.php')
CRITICAL - 2024-04-05 10:37:21 --> ErrorException: include(header): Failed to open stream: No such file or directory
in APPPATH\Views\base.php on line 12.
 1 APPPATH\Views\base.php(12): CodeIgniter\Debug\Exceptions->errorHandler(2, 'include(header): Failed to open stream: No such file or directory', 'C:\\myproject\\app\\Views\\base.php', 12)
 2 APPPATH\Views\base.php(12): include()
 3 APPPATH\Views\how.php(3): include('C:\\myproject\\app\\Views\\base.php')
 4 SYSTEMPATH\View\View.php(228): include('C:\\myproject\\app\\Views\\how.php')
 5 SYSTEMPATH\View\View.php(231): CodeIgniter\View\View->CodeIgniter\View\{closure}()
 6 SYSTEMPATH\Common.php(1178): CodeIgniter\View\View->render('how', [], true)
 7 APPPATH\Controllers\How.php(9): view('how')
 8 SYSTEMPATH\CodeIgniter.php(943): App\Controllers\How->index()
 9 SYSTEMPATH\CodeIgniter.php(503): CodeIgniter\CodeIgniter->runController(Object(App\Controllers\How))
10 SYSTEMPATH\CodeIgniter.php(361): CodeIgniter\CodeIgniter->handleRequest(null, Object(Config\Cache), false)
11 FCPATH\index.php(79): CodeIgniter\CodeIgniter->run()
12 SYSTEMPATH\Commands\Server\rewrite.php(47): require_once('C:\\myproject\\public\\index.php')
CRITICAL - 2024-04-05 10:37:21 --> ErrorException: include(header): Failed to open stream: No such file or directory
in APPPATH\Views\base.php on line 12.
 1 APPPATH\Views\base.php(12): CodeIgniter\Debug\Exceptions->errorHandler(2, 'include(header): Failed to open stream: No such file or directory', 'C:\\myproject\\app\\Views\\base.php', 12)
 2 APPPATH\Views\base.php(12): include()
 3 APPPATH\Views\how.php(3): include('C:\\myproject\\app\\Views\\base.php')
 4 SYSTEMPATH\View\View.php(228): include('C:\\myproject\\app\\Views\\how.php')
 5 SYSTEMPATH\View\View.php(231): CodeIgniter\View\View->CodeIgniter\View\{closure}()
 6 SYSTEMPATH\Common.php(1178): CodeIgniter\View\View->render('how', [], true)
 7 APPPATH\Controllers\How.php(9): view('how')
 8 SYSTEMPATH\CodeIgniter.php(943): App\Controllers\How->index()
 9 SYSTEMPATH\CodeIgniter.php(503): CodeIgniter\CodeIgniter->runController(Object(App\Controllers\How))
10 SYSTEMPATH\CodeIgniter.php(361): CodeIgniter\CodeIgniter->handleRequest(null, Object(Config\Cache), false)
11 FCPATH\index.php(79): CodeIgniter\CodeIgniter->run()
12 SYSTEMPATH\Commands\Server\rewrite.php(47): require_once('C:\\myproject\\public\\index.php')
CRITICAL - 2024-04-05 10:37:22 --> ErrorException: include(header): Failed to open stream: No such file or directory
in APPPATH\Views\base.php on line 12.
 1 APPPATH\Views\base.php(12): CodeIgniter\Debug\Exceptions->errorHandler(2, 'include(header): Failed to open stream: No such file or directory', 'C:\\myproject\\app\\Views\\base.php', 12)
 2 APPPATH\Views\base.php(12): include()
 3 APPPATH\Views\how.php(3): include('C:\\myproject\\app\\Views\\base.php')
 4 SYSTEMPATH\View\View.php(228): include('C:\\myproject\\app\\Views\\how.php')
 5 SYSTEMPATH\View\View.php(231): CodeIgniter\View\View->CodeIgniter\View\{closure}()
 6 SYSTEMPATH\Common.php(1178): CodeIgniter\View\View->render('how', [], true)
 7 APPPATH\Controllers\How.php(9): view('how')
 8 SYSTEMPATH\CodeIgniter.php(943): App\Controllers\How->index()
 9 SYSTEMPATH\CodeIgniter.php(503): CodeIgniter\CodeIgniter->runController(Object(App\Controllers\How))
10 SYSTEMPATH\CodeIgniter.php(361): CodeIgniter\CodeIgniter->handleRequest(null, Object(Config\Cache), false)
11 FCPATH\index.php(79): CodeIgniter\CodeIgniter->run()
12 SYSTEMPATH\Commands\Server\rewrite.php(47): require_once('C:\\myproject\\public\\index.php')
CRITICAL - 2024-04-05 10:37:49 --> ValueError: Path cannot be empty
in APPPATH\Views\base.php on line 14.
 1 APPPATH\Views\home.php(2): include()
 2 SYSTEMPATH\View\View.php(228): include('C:\\myproject\\app\\Views\\home.php')
 3 SYSTEMPATH\View\View.php(231): CodeIgniter\View\View->CodeIgniter\View\{closure}()
 4 SYSTEMPATH\Common.php(1178): CodeIgniter\View\View->render('home', [], true)
 5 APPPATH\Controllers\Home.php(9): view('home')
 6 SYSTEMPATH\CodeIgniter.php(943): App\Controllers\Home->index()
 7 SYSTEMPATH\CodeIgniter.php(503): CodeIgniter\CodeIgniter->runController(Object(App\Controllers\Home))
 8 SYSTEMPATH\CodeIgniter.php(361): CodeIgniter\CodeIgniter->handleRequest(null, Object(Config\Cache), false)
 9 FCPATH\index.php(79): CodeIgniter\CodeIgniter->run()
10 SYSTEMPATH\Commands\Server\rewrite.php(47): require_once('C:\\myproject\\public\\index.php')
CRITICAL - 2024-04-05 10:37:49 --> [Caused by] ErrorException: Undefined variable $content
in APPPATH\Views\base.php on line 14.
 1 APPPATH\Views\base.php(14): CodeIgniter\Debug\Exceptions->errorHandler(2, 'Undefined variable $content', 'C:\\myproject\\app\\Views\\base.php', 14)
 2 APPPATH\Views\base.php(14): include()
 3 APPPATH\Views\home.php(2): include('C:\\myproject\\app\\Views\\base.php')
 4 SYSTEMPATH\View\View.php(228): include('C:\\myproject\\app\\Views\\home.php')
 5 SYSTEMPATH\View\View.php(231): CodeIgniter\View\View->CodeIgniter\View\{closure}()
 6 SYSTEMPATH\Common.php(1178): CodeIgniter\View\View->render('home', [], true)
 7 APPPATH\Controllers\Home.php(9): view('home')
 8 SYSTEMPATH\CodeIgniter.php(943): App\Controllers\Home->index()
 9 SYSTEMPATH\CodeIgniter.php(503): CodeIgniter\CodeIgniter->runController(Object(App\Controllers\Home))
10 SYSTEMPATH\CodeIgniter.php(361): CodeIgniter\CodeIgniter->handleRequest(null, Object(Config\Cache), false)
11 FCPATH\index.php(79): CodeIgniter\CodeIgniter->run()
12 SYSTEMPATH\Commands\Server\rewrite.php(47): require_once('C:\\myproject\\public\\index.php')
