CRITICAL - 2024-05-16 05:44:10 --> CodeIgniter\View\Exceptions\ViewException: Invalid file: "success.php"
in SYSTEMPATH\Exceptions\FrameworkException.php on line 39.
 1 SYSTEMPATH\View\View.php(216): CodeIgniter\Exceptions\FrameworkException::forInvalidFile('success.php')
 2 SYSTEMPATH\Common.php(1178): CodeIgniter\View\View->render('success', [], true)
 3 APPPATH\Controllers\Success.php(9): view('success')
 4 SYSTEMPATH\CodeIgniter.php(943): App\Controllers\Success->index()
 5 SYSTEMPATH\CodeIgniter.php(503): CodeIgniter\CodeIgniter->runController(Object(App\Controllers\Success))
 6 SYSTEMPATH\CodeIgniter.php(361): CodeIgniter\CodeIgniter->handleRequest(null, Object(Config\Cache), false)
 7 FCPATH\index.php(79): CodeIgniter\CodeIgniter->run()
 8 SYSTEMPATH\Commands\Server\rewrite.php(47): require_once('C:\\myproject\\public\\index.php')
CRITICAL - 2024-05-16 05:44:18 --> CodeIgniter\View\Exceptions\ViewException: Invalid file: "success.php"
in SYSTEMPATH\Exceptions\FrameworkException.php on line 39.
 1 SYSTEMPATH\View\View.php(216): CodeIgniter\Exceptions\FrameworkException::forInvalidFile('success.php')
 2 SYSTEMPATH\Common.php(1178): CodeIgniter\View\View->render('success', [], true)
 3 APPPATH\Controllers\Success.php(9): view('success')
 4 SYSTEMPATH\CodeIgniter.php(943): App\Controllers\Success->index()
 5 SYSTEMPATH\CodeIgniter.php(503): CodeIgniter\CodeIgniter->runController(Object(App\Controllers\Success))
 6 SYSTEMPATH\CodeIgniter.php(361): CodeIgniter\CodeIgniter->handleRequest(null, Object(Config\Cache), false)
 7 FCPATH\index.php(79): CodeIgniter\CodeIgniter->run()
 8 SYSTEMPATH\Commands\Server\rewrite.php(47): require_once('C:\\myproject\\public\\index.php')
CRITICAL - 2024-05-16 05:56:26 --> Error: Class "App\Controllers\BusinessesModel" not found
in APPPATH\Controllers\Contract.php on line 25.
 1 SYSTEMPATH\CodeIgniter.php(943): App\Controllers\Contract->submit()
 2 SYSTEMPATH\CodeIgniter.php(503): CodeIgniter\CodeIgniter->runController(Object(App\Controllers\Contract))
 3 SYSTEMPATH\CodeIgniter.php(361): CodeIgniter\CodeIgniter->handleRequest(null, Object(Config\Cache), false)
 4 FCPATH\index.php(79): CodeIgniter\CodeIgniter->run()
 5 SYSTEMPATH\Commands\Server\rewrite.php(47): require_once('C:\\myproject\\public\\index.php')
CRITICAL - 2024-05-16 06:07:30 --> ErrorException: Undefined variable $business_id
in APPPATH\Views\contract.php on line 27.
 1 APPPATH\Views\contract.php(27): CodeIgniter\Debug\Exceptions->errorHandler(2, 'Undefined variable $business_id', 'C:\\myproject\\app\\Views\\contract.php', 27)
 2 SYSTEMPATH\View\View.php(228): include('C:\\myproject\\app\\Views\\contract.php')
 3 SYSTEMPATH\View\View.php(231): CodeIgniter\View\View->CodeIgniter\View\{closure}()
 4 SYSTEMPATH\Common.php(1178): CodeIgniter\View\View->render('contract', [...], true)
 5 APPPATH\Controllers\Contract.php(12): view('contract', [...], [...])
 6 SYSTEMPATH\CodeIgniter.php(943): App\Controllers\Contract->index()
 7 SYSTEMPATH\CodeIgniter.php(503): CodeIgniter\CodeIgniter->runController(Object(App\Controllers\Contract))
 8 SYSTEMPATH\CodeIgniter.php(361): CodeIgniter\CodeIgniter->handleRequest(null, Object(Config\Cache), false)
 9 FCPATH\index.php(79): CodeIgniter\CodeIgniter->run()
10 SYSTEMPATH\Commands\Server\rewrite.php(47): require_once('C:\\myproject\\public\\index.php')
CRITICAL - 2024-05-16 06:08:33 --> ErrorException: Undefined variable $developeer_id
in APPPATH\Controllers\Contract.php on line 12.
 1 APPPATH\Controllers\Contract.php(12): CodeIgniter\Debug\Exceptions->errorHandler(2, 'Undefined variable $developeer_id', 'C:\\myproject\\app\\Controllers\\Contract.php', 12)
 2 SYSTEMPATH\CodeIgniter.php(943): App\Controllers\Contract->index()
 3 SYSTEMPATH\CodeIgniter.php(503): CodeIgniter\CodeIgniter->runController(Object(App\Controllers\Contract))
 4 SYSTEMPATH\CodeIgniter.php(361): CodeIgniter\CodeIgniter->handleRequest(null, Object(Config\Cache), false)
 5 FCPATH\index.php(79): CodeIgniter\CodeIgniter->run()
 6 SYSTEMPATH\Commands\Server\rewrite.php(47): require_once('C:\\myproject\\public\\index.php')
CRITICAL - 2024-05-16 06:08:59 --> ErrorException: Undefined variable $business_id
in APPPATH\Views\contract.php on line 27.
 1 APPPATH\Views\contract.php(27): CodeIgniter\Debug\Exceptions->errorHandler(2, 'Undefined variable $business_id', 'C:\\myproject\\app\\Views\\contract.php', 27)
 2 SYSTEMPATH\View\View.php(228): include('C:\\myproject\\app\\Views\\contract.php')
 3 SYSTEMPATH\View\View.php(231): CodeIgniter\View\View->CodeIgniter\View\{closure}()
 4 SYSTEMPATH\Common.php(1178): CodeIgniter\View\View->render('contract', [...], true)
 5 APPPATH\Controllers\Contract.php(12): view('contract', [...], [...])
 6 SYSTEMPATH\CodeIgniter.php(943): App\Controllers\Contract->index()
 7 SYSTEMPATH\CodeIgniter.php(503): CodeIgniter\CodeIgniter->runController(Object(App\Controllers\Contract))
 8 SYSTEMPATH\CodeIgniter.php(361): CodeIgniter\CodeIgniter->handleRequest(null, Object(Config\Cache), false)
 9 FCPATH\index.php(79): CodeIgniter\CodeIgniter->run()
10 SYSTEMPATH\Commands\Server\rewrite.php(47): require_once('C:\\myproject\\public\\index.php')
CRITICAL - 2024-05-16 06:09:03 --> ErrorException: Undefined variable $business_id
in APPPATH\Views\contract.php on line 27.
 1 APPPATH\Views\contract.php(27): CodeIgniter\Debug\Exceptions->errorHandler(2, 'Undefined variable $business_id', 'C:\\myproject\\app\\Views\\contract.php', 27)
 2 SYSTEMPATH\View\View.php(228): include('C:\\myproject\\app\\Views\\contract.php')
 3 SYSTEMPATH\View\View.php(231): CodeIgniter\View\View->CodeIgniter\View\{closure}()
 4 SYSTEMPATH\Common.php(1178): CodeIgniter\View\View->render('contract', [...], true)
 5 APPPATH\Controllers\Contract.php(12): view('contract', [...], [...])
 6 SYSTEMPATH\CodeIgniter.php(943): App\Controllers\Contract->index()
 7 SYSTEMPATH\CodeIgniter.php(503): CodeIgniter\CodeIgniter->runController(Object(App\Controllers\Contract))
 8 SYSTEMPATH\CodeIgniter.php(361): CodeIgniter\CodeIgniter->handleRequest(null, Object(Config\Cache), false)
 9 FCPATH\index.php(79): CodeIgniter\CodeIgniter->run()
10 SYSTEMPATH\Commands\Server\rewrite.php(47): require_once('C:\\myproject\\public\\index.php')
CRITICAL - 2024-05-16 06:16:49 --> ErrorException: Undefined variable $business_id
in APPPATH\Views\contract.php on line 27.
 1 APPPATH\Views\contract.php(27): CodeIgniter\Debug\Exceptions->errorHandler(2, 'Undefined variable $business_id', 'C:\\myproject\\app\\Views\\contract.php', 27)
 2 SYSTEMPATH\View\View.php(228): include('C:\\myproject\\app\\Views\\contract.php')
 3 SYSTEMPATH\View\View.php(231): CodeIgniter\View\View->CodeIgniter\View\{closure}()
 4 SYSTEMPATH\Common.php(1178): CodeIgniter\View\View->render('contract', [...], true)
 5 APPPATH\Controllers\Contract.php(12): view('contract', [...], [...])
 6 SYSTEMPATH\CodeIgniter.php(943): App\Controllers\Contract->index()
 7 SYSTEMPATH\CodeIgniter.php(503): CodeIgniter\CodeIgniter->runController(Object(App\Controllers\Contract))
 8 SYSTEMPATH\CodeIgniter.php(361): CodeIgniter\CodeIgniter->handleRequest(null, Object(Config\Cache), false)
 9 FCPATH\index.php(79): CodeIgniter\CodeIgniter->run()
10 SYSTEMPATH\Commands\Server\rewrite.php(47): require_once('C:\\myproject\\public\\index.php')
CRITICAL - 2024-05-16 06:18:06 --> ErrorException: Undefined variable $business_id
in APPPATH\Views\contract.php on line 27.
 1 APPPATH\Views\contract.php(27): CodeIgniter\Debug\Exceptions->errorHandler(2, 'Undefined variable $business_id', 'C:\\myproject\\app\\Views\\contract.php', 27)
 2 SYSTEMPATH\View\View.php(228): include('C:\\myproject\\app\\Views\\contract.php')
 3 SYSTEMPATH\View\View.php(231): CodeIgniter\View\View->CodeIgniter\View\{closure}()
 4 SYSTEMPATH\Common.php(1178): CodeIgniter\View\View->render('contract', [...], true)
 5 APPPATH\Controllers\Contract.php(18): view('contract', [...], [...])
 6 SYSTEMPATH\CodeIgniter.php(943): App\Controllers\Contract->index()
 7 SYSTEMPATH\CodeIgniter.php(503): CodeIgniter\CodeIgniter->runController(Object(App\Controllers\Contract))
 8 SYSTEMPATH\CodeIgniter.php(361): CodeIgniter\CodeIgniter->handleRequest(null, Object(Config\Cache), false)
 9 FCPATH\index.php(79): CodeIgniter\CodeIgniter->run()
10 SYSTEMPATH\Commands\Server\rewrite.php(47): require_once('C:\\myproject\\public\\index.php')
CRITICAL - 2024-05-16 06:21:15 --> ErrorException: Undefined variable $business_id
in APPPATH\Views\contract.php on line 27.
 1 APPPATH\Views\contract.php(27): CodeIgniter\Debug\Exceptions->errorHandler(2, 'Undefined variable $business_id', 'C:\\myproject\\app\\Views\\contract.php', 27)
 2 SYSTEMPATH\View\View.php(228): include('C:\\myproject\\app\\Views\\contract.php')
 3 SYSTEMPATH\View\View.php(231): CodeIgniter\View\View->CodeIgniter\View\{closure}()
 4 SYSTEMPATH\Common.php(1178): CodeIgniter\View\View->render('contract', [...], true)
 5 APPPATH\Controllers\Contract.php(18): view('contract', [...], [...])
 6 SYSTEMPATH\CodeIgniter.php(943): App\Controllers\Contract->index()
 7 SYSTEMPATH\CodeIgniter.php(503): CodeIgniter\CodeIgniter->runController(Object(App\Controllers\Contract))
 8 SYSTEMPATH\CodeIgniter.php(361): CodeIgniter\CodeIgniter->handleRequest(null, Object(Config\Cache), false)
 9 FCPATH\index.php(79): CodeIgniter\CodeIgniter->run()
10 SYSTEMPATH\Commands\Server\rewrite.php(47): require_once('C:\\myproject\\public\\index.php')
CRITICAL - 2024-05-16 08:37:48 --> ErrorException: Undefined variable $companyName
in APPPATH\Controllers\Contract.php on line 37.
 1 APPPATH\Controllers\Contract.php(37): CodeIgniter\Debug\Exceptions->errorHandler(2, 'Undefined variable $companyName', 'C:\\myproject\\app\\Controllers\\Contract.php', 37)
 2 SYSTEMPATH\CodeIgniter.php(943): App\Controllers\Contract->submit()
 3 SYSTEMPATH\CodeIgniter.php(503): CodeIgniter\CodeIgniter->runController(Object(App\Controllers\Contract))
 4 SYSTEMPATH\CodeIgniter.php(361): CodeIgniter\CodeIgniter->handleRequest(null, Object(Config\Cache), false)
 5 FCPATH\index.php(79): CodeIgniter\CodeIgniter->run()
 6 SYSTEMPATH\Commands\Server\rewrite.php(47): require_once('C:\\myproject\\public\\index.php')
CRITICAL - 2024-05-16 12:23:15 --> TypeError: App\Controllers\BusinessDashboard::index(): Return value must be of type string, CodeIgniter\HTTP\RedirectResponse returned
in APPPATH\Controllers\BusinessDashboard.php on line 14.
 1 SYSTEMPATH\CodeIgniter.php(943): App\Controllers\BusinessDashboard->index()
 2 SYSTEMPATH\CodeIgniter.php(503): CodeIgniter\CodeIgniter->runController(Object(App\Controllers\BusinessDashboard))
 3 SYSTEMPATH\CodeIgniter.php(361): CodeIgniter\CodeIgniter->handleRequest(null, Object(Config\Cache), false)
 4 FCPATH\index.php(79): CodeIgniter\CodeIgniter->run()
 5 SYSTEMPATH\Commands\Server\rewrite.php(47): require_once('C:\\myproject\\public\\index.php')
CRITICAL - 2024-05-16 14:05:39 --> ErrorException: Undefined variable $developer
in APPPATH\Views\content\business_dashboard_content.php on line 27.
 1 APPPATH\Views\content\business_dashboard_content.php(27): CodeIgniter\Debug\Exceptions->errorHandler(2, 'Undefined variable $developer', 'C:\\myproject\\app\\Views\\content\\business_dashboard_content.php', 27)
 2 APPPATH\Views\base.php(27): include('C:\\myproject\\app\\Views\\content\\business_dashboard_content.php')
 3 APPPATH\Views\business_dashboard.php(3): include('C:\\myproject\\app\\Views\\base.php')
 4 SYSTEMPATH\View\View.php(228): include('C:\\myproject\\app\\Views\\business_dashboard.php')
 5 SYSTEMPATH\View\View.php(231): CodeIgniter\View\View->CodeIgniter\View\{closure}()
 6 SYSTEMPATH\Common.php(1178): CodeIgniter\View\View->render('business_dashboard', [], true)
 7 APPPATH\Controllers\BusinessDashboard.php(23): view('business_dashboard', [...])
 8 SYSTEMPATH\CodeIgniter.php(943): App\Controllers\BusinessDashboard->index()
 9 SYSTEMPATH\CodeIgniter.php(503): CodeIgniter\CodeIgniter->runController(Object(App\Controllers\BusinessDashboard))
10 SYSTEMPATH\CodeIgniter.php(361): CodeIgniter\CodeIgniter->handleRequest(null, Object(Config\Cache), false)
11 FCPATH\index.php(79): CodeIgniter\CodeIgniter->run()
12 SYSTEMPATH\Commands\Server\rewrite.php(47): require_once('C:\\myproject\\public\\index.php')
CRITICAL - 2024-05-16 15:17:25 --> ErrorException: Undefined variable $developer
in APPPATH\Views\content\business_dashboard_content.php on line 11.
 1 APPPATH\Views\content\business_dashboard_content.php(11): CodeIgniter\Debug\Exceptions->errorHandler(2, 'Undefined variable $developer', 'C:\\myproject\\app\\Views\\content\\business_dashboard_content.php', 11)
 2 APPPATH\Views\base.php(27): include('C:\\myproject\\app\\Views\\content\\business_dashboard_content.php')
 3 APPPATH\Views\business_dashboard.php(3): include('C:\\myproject\\app\\Views\\base.php')
 4 SYSTEMPATH\View\View.php(228): include('C:\\myproject\\app\\Views\\business_dashboard.php')
 5 SYSTEMPATH\View\View.php(231): CodeIgniter\View\View->CodeIgniter\View\{closure}()
 6 SYSTEMPATH\Common.php(1178): CodeIgniter\View\View->render('business_dashboard', [], true)
 7 APPPATH\Controllers\BusinessDashboard.php(23): view('business_dashboard', [...])
 8 SYSTEMPATH\CodeIgniter.php(943): App\Controllers\BusinessDashboard->index()
 9 SYSTEMPATH\CodeIgniter.php(503): CodeIgniter\CodeIgniter->runController(Object(App\Controllers\BusinessDashboard))
10 SYSTEMPATH\CodeIgniter.php(361): CodeIgniter\CodeIgniter->handleRequest(null, Object(Config\Cache), false)
11 FCPATH\index.php(79): CodeIgniter\CodeIgniter->run()
12 SYSTEMPATH\Commands\Server\rewrite.php(47): require_once('C:\\myproject\\public\\index.php')
CRITICAL - 2024-05-16 15:18:22 --> ErrorException: Undefined array key "rate"
in APPPATH\Views\content\business_dashboard_content.php on line 18.
 1 APPPATH\Views\content\business_dashboard_content.php(18): CodeIgniter\Debug\Exceptions->errorHandler(2, 'Undefined array key "rate"', 'C:\\myproject\\app\\Views\\content\\business_dashboard_content.php', 18)
 2 APPPATH\Views\base.php(27): include('C:\\myproject\\app\\Views\\content\\business_dashboard_content.php')
 3 APPPATH\Views\business_dashboard.php(3): include('C:\\myproject\\app\\Views\\base.php')
 4 SYSTEMPATH\View\View.php(228): include('C:\\myproject\\app\\Views\\business_dashboard.php')
 5 SYSTEMPATH\View\View.php(231): CodeIgniter\View\View->CodeIgniter\View\{closure}()
 6 SYSTEMPATH\Common.php(1178): CodeIgniter\View\View->render('business_dashboard', [], true)
 7 APPPATH\Controllers\BusinessDashboard.php(23): view('business_dashboard', [...])
 8 SYSTEMPATH\CodeIgniter.php(943): App\Controllers\BusinessDashboard->index()
 9 SYSTEMPATH\CodeIgniter.php(503): CodeIgniter\CodeIgniter->runController(Object(App\Controllers\BusinessDashboard))
10 SYSTEMPATH\CodeIgniter.php(361): CodeIgniter\CodeIgniter->handleRequest(null, Object(Config\Cache), false)
11 FCPATH\index.php(79): CodeIgniter\CodeIgniter->run()
12 SYSTEMPATH\Commands\Server\rewrite.php(47): require_once('C:\\myproject\\public\\index.php')
CRITICAL - 2024-05-16 15:50:51 --> ErrorException: Undefined variable $contacts
in APPPATH\Controllers\DeveloperDashboard.php on line 49.
 1 APPPATH\Controllers\DeveloperDashboard.php(49): CodeIgniter\Debug\Exceptions->errorHandler(2, 'Undefined variable $contacts', 'C:\\myproject\\app\\Controllers\\DeveloperDashboard.php', 49)
 2 SYSTEMPATH\CodeIgniter.php(943): App\Controllers\DeveloperDashboard->index()
 3 SYSTEMPATH\CodeIgniter.php(503): CodeIgniter\CodeIgniter->runController(Object(App\Controllers\DeveloperDashboard))
 4 SYSTEMPATH\CodeIgniter.php(361): CodeIgniter\CodeIgniter->handleRequest(null, Object(Config\Cache), false)
 5 FCPATH\index.php(79): CodeIgniter\CodeIgniter->run()
 6 SYSTEMPATH\Commands\Server\rewrite.php(47): require_once('C:\\myproject\\public\\index.php')
CRITICAL - 2024-05-16 16:22:52 --> ErrorException: Undefined array key "first_name"
in APPPATH\Views\content\profile_content.php on line 7.
 1 APPPATH\Views\content\profile_content.php(7): CodeIgniter\Debug\Exceptions->errorHandler(2, 'Undefined array key "first_name"', 'C:\\myproject\\app\\Views\\content\\profile_content.php', 7)
 2 APPPATH\Views\base.php(27): include('C:\\myproject\\app\\Views\\content\\profile_content.php')
 3 APPPATH\Views\profile.php(3): include('C:\\myproject\\app\\Views\\base.php')
 4 SYSTEMPATH\View\View.php(228): include('C:\\myproject\\app\\Views\\profile.php')
 5 SYSTEMPATH\View\View.php(231): CodeIgniter\View\View->CodeIgniter\View\{closure}()
 6 SYSTEMPATH\Common.php(1178): CodeIgniter\View\View->render('profile', [], true)
 7 APPPATH\Controllers\Profile.php(29): view('profile', [...])
 8 SYSTEMPATH\CodeIgniter.php(943): App\Controllers\Profile->index()
 9 SYSTEMPATH\CodeIgniter.php(503): CodeIgniter\CodeIgniter->runController(Object(App\Controllers\Profile))
10 SYSTEMPATH\CodeIgniter.php(361): CodeIgniter\CodeIgniter->handleRequest(null, Object(Config\Cache), false)
11 FCPATH\index.php(79): CodeIgniter\CodeIgniter->run()
12 SYSTEMPATH\Commands\Server\rewrite.php(47): require_once('C:\\myproject\\public\\index.php')
CRITICAL - 2024-05-16 16:34:08 --> Error: Call to a member function hash() on null
in APPPATH\Controllers\Signup.php on line 27.
 1 SYSTEMPATH\CodeIgniter.php(943): App\Controllers\Signup->signup()
 2 SYSTEMPATH\CodeIgniter.php(503): CodeIgniter\CodeIgniter->runController(Object(App\Controllers\Signup))
 3 SYSTEMPATH\CodeIgniter.php(361): CodeIgniter\CodeIgniter->handleRequest(null, Object(Config\Cache), false)
 4 FCPATH\index.php(79): CodeIgniter\CodeIgniter->run()
 5 SYSTEMPATH\Commands\Server\rewrite.php(47): require_once('C:\\myproject\\public\\index.php')
CRITICAL - 2024-05-16 16:35:57 --> Error: Class "CodeIgniter\Passwords\PasswordHasher" not found
in APPPATH\Config\Services.php on line 35.
 1 SYSTEMPATH\Config\BaseService.php(199): Config\Services::passwordHasher(false)
 2 APPPATH\Config\Services.php(35): CodeIgniter\Config\BaseService::getSharedInstance('passwordhasher')
 3 APPPATH\Controllers\Signup.php(26): Config\Services::passwordHasher()
 4 SYSTEMPATH\CodeIgniter.php(943): App\Controllers\Signup->signup()
 5 SYSTEMPATH\CodeIgniter.php(503): CodeIgniter\CodeIgniter->runController(Object(App\Controllers\Signup))
 6 SYSTEMPATH\CodeIgniter.php(361): CodeIgniter\CodeIgniter->handleRequest(null, Object(Config\Cache), false)
 7 FCPATH\index.php(79): CodeIgniter\CodeIgniter->run()
 8 SYSTEMPATH\Commands\Server\rewrite.php(47): require_once('C:\\myproject\\public\\index.php')
CRITICAL - 2024-05-16 16:39:12 --> Error: Call to a member function hash() on null
in APPPATH\Controllers\Signup.php on line 27.
 1 SYSTEMPATH\CodeIgniter.php(943): App\Controllers\Signup->signup()
 2 SYSTEMPATH\CodeIgniter.php(503): CodeIgniter\CodeIgniter->runController(Object(App\Controllers\Signup))
 3 SYSTEMPATH\CodeIgniter.php(361): CodeIgniter\CodeIgniter->handleRequest(null, Object(Config\Cache), false)
 4 FCPATH\index.php(79): CodeIgniter\CodeIgniter->run()
 5 SYSTEMPATH\Commands\Server\rewrite.php(47): require_once('C:\\myproject\\public\\index.php')
